[ERROR viaduct::backend::ffi] Missing HTTP status
[ERROR viaduct::backend::ffi] Missing HTTP status
[ERROR viaduct::backend::ffi] Missing HTTP status
[ERROR viaduct::backend::ffi] Missing HTTP status
[Parent 16224, IPC I/O Parent] WARNING: DuplicateHandle failed for handle 0 in TransferHandles: file /builds/worker/checkouts/gecko/ipc/chromium/src/chrome/common/ipc_channel_win.cc:777
[GFX1-]: shader-cache: Shader disk cache is not supported
[ERROR webrender_bindings::program_cache] shader-cache: Shader disk cache is not supported
[Parent 5704, IPC I/O Parent] WARNING: DuplicateHandle failed for handle 0 in TransferHandles: file /builds/worker/checkouts/gecko/ipc/chromium/src/chrome/common/ipc_channel_win.cc:777
1681169948358	geckodriver	INFO	Listening on 127.0.0.1:50105
1681169957082	mozrunner::runner	INFO	Running command: "C:\\Program Files\\Mozilla Firefox\\firefox.exe" "--marionette" "--remote-debugging-port" "50106" "--remote-allow-hosts" "localhost" "-no-remote" "-profile" "C:\\Users\\gero_\\AppData\\Local\\Temp\\rust_mozprofilepu1BgX"
console.warn: services.settings: Ignoring preference override of remote settings server
console.warn: services.settings: Allow by setting MOZ_REMOTE_SETTINGS_DEVTOOLS=1 in the environment
1681169959219	Marionette	INFO	Marionette enabled
Dynamically enable window occlusion 0
1681169959232	Marionette	INFO	Listening on port 50121
Read port: 50121
WebDriver BiDi listening on ws://127.0.0.1:50106
1681169959503	RemoteAgent	WARN	TLS certificate errors will be ignored for this session
DevTools listening on ws://127.0.0.1:50106/devtools/browser/2a42db9e-5689-4813-92cf-6ef5f07962c7
1681169970933	Marionette	INFO	Stopped listening on port 50121
Dynamically enable window occlusion 1
WARNING: A blocker encountered an error while we were waiting.
          Blocker:  Waiting for ping task
          Phase: TelemetryController: Waiting for pending ping activity
          State: (none)
WARNING: Error: Phase "profile-before-change" is finished, it is too late to register completion condition "OS.File: flush I/O queued before profileBeforeChange"
WARNING: addBlocker@resource://gre/modules/AsyncShutdown.sys.mjs:727:15
addBlocker@resource://gre/modules/AsyncShutdown.sys.mjs:523:26
addBlocker@resource://gre/modules/AsyncShutdown.sys.mjs:458:15
setupShutdown@resource://gre/modules/osfile/osfile_async_front.jsm:1548:28
@resource://gre/modules/osfile/osfile_async_front.jsm:1568:16
@resource://gre/modules/osfile.jsm:12:30
@resource://gre/modules/TelemetryStorage.sys.mjs:10:28
_checkPendingPings@resource://gre/modules/TelemetrySend.sys.mjs:863:17
setup@resource://gre/modules/TelemetrySend.sys.mjs:803:18
setup@resource://gre/modules/TelemetrySend.sys.mjs:241:30
setupTelemetry/this._delayedInitTask<@resource://gre/modules/TelemetryControllerParent.sys.mjs:828:36
observe@resource://gre/modules/AsyncShutdown.sys.mjs:576:16

console.error: "TelemetryScheduler.shutdown - Already shut down"
WARNING: A blocker encountered an error while we were waiting.
          Blocker:  Waiting for ping task
          Phase: TelemetryController: Waiting for pending ping activity
          State: (none)
WARNING: Error: Phase "profile-before-change" is finished, it is too late to register completion condition "OS.File: flush I/O queued before profileBeforeChange"
WARNING: addBlocker@resource://gre/modules/AsyncShutdown.sys.mjs:727:15
addBlocker@resource://gre/modules/AsyncShutdown.sys.mjs:523:26
addBlocker@resource://gre/modules/AsyncShutdown.sys.mjs:458:15
setupShutdown@resource://gre/modules/osfile/osfile_async_front.jsm:1548:28
@resource://gre/modules/osfile/osfile_async_front.jsm:1568:16
@resource://gre/modules/osfile.jsm:12:30
@resource://gre/modules/TelemetryStorage.sys.mjs:10:28
_checkPendingPings@resource://gre/modules/TelemetrySend.sys.mjs:863:17
setup@resource://gre/modules/TelemetrySend.sys.mjs:803:18
setup@resource://gre/modules/TelemetrySend.sys.mjs:241:30
setupTelemetry/this._delayedInitTask<@resource://gre/modules/TelemetryControllerParent.sys.mjs:828:36
observe@resource://gre/modules/AsyncShutdown.sys.mjs:576:16

WARNING: A blocker encountered an error while we were waiting.
          Blocker:  TelemetryController: shutting down
          Phase: profile-before-change-telemetry
          State: Error getting state: Error: Phase "profile-before-change" is finished, it is too late to register completion condition "OS.File: flush I/O queued before profileBeforeChange" at addBlocker@resource://gre/modules/AsyncShutdown.sys.mjs:727:15
addBlocker@resource://gre/modules/AsyncShutdown.sys.mjs:523:26
addBlocker@resource://gre/modules/AsyncShutdown.sys.mjs:458:15
setupShutdown@resource://gre/modules/osfile/osfile_async_front.jsm:1548:28
@resource://gre/modules/osfile/osfile_async_front.jsm:1568:16
@resource://gre/modules/osfile.jsm:12:30
@resource://gre/modules/TelemetryStorage.sys.mjs:10:28
_checkPendingPings@resource://gre/modules/TelemetrySend.sys.mjs:863:17
setup@resource://gre/modules/TelemetrySend.sys.mjs:803:18
setup@resource://gre/modules/TelemetrySend.sys.mjs:241:30
setupTelemetry/this._delayedInitTask<@resource://gre/modules/TelemetryControllerParent.sys.mjs:828:36
observe@resource://gre/modules/AsyncShutdown.sys.mjs:576:16

WARNING: Error: Phase "profile-before-change" is finished, it is too late to register completion condition "OS.File: flush I/O queued before profileBeforeChange"
WARNING: addBlocker@resource://gre/modules/AsyncShutdown.sys.mjs:727:15
addBlocker@resource://gre/modules/AsyncShutdown.sys.mjs:523:26
addBlocker@resource://gre/modules/AsyncShutdown.sys.mjs:458:15
setupShutdown@resource://gre/modules/osfile/osfile_async_front.jsm:1548:28
@resource://gre/modules/osfile/osfile_async_front.jsm:1568:16
@resource://gre/modules/osfile.jsm:12:30
@resource://gre/modules/TelemetryStorage.sys.mjs:10:28
_checkPendingPings@resource://gre/modules/TelemetrySend.sys.mjs:863:17
setup@resource://gre/modules/TelemetrySend.sys.mjs:803:18
setup@resource://gre/modules/TelemetrySend.sys.mjs:241:30
setupTelemetry/this._delayedInitTask<@resource://gre/modules/TelemetryControllerParent.sys.mjs:828:36
observe@resource://gre/modules/AsyncShutdown.sys.mjs:576:16

JavaScript error: resource://gre/modules/AsyncShutdown.sys.mjs, line 727: Error: Phase "profile-before-change" is finished, it is too late to register completion condition "OS.File: flush I/O queued before profileBeforeChange"
JavaScript error: resource://gre/modules/AsyncShutdown.sys.mjs, line 727: Error: Phase "profile-before-change" is finished, it is too late to register completion condition "OS.File: flush I/O queued before profileBeforeChange"
JavaScript error: resource://gre/modules/AsyncShutdown.sys.mjs, line 727: Error: Phase "profile-before-change" is finished, it is too late to register completion condition "OS.File: flush I/O queued before profileBeforeChange"
JavaScript error: resource://gre/modules/AsyncShutdown.sys.mjs, line 727: Error: Phase "profile-before-change" is finished, it is too late to register completion condition "OS.File: flush I/O queued before profileBeforeChange"
JavaScript error: resource://gre/modules/AsyncShutdown.sys.mjs, line 727: Error: Phase "profile-before-change" is finished, it is too late to register completion condition "OS.File: flush I/O queued before profileBeforeChange"
1681170035203	geckodriver	INFO	Listening on 127.0.0.1:50209
1681170042686	mozrunner::runner	INFO	Running command: "C:\\Program Files\\Mozilla Firefox\\firefox.exe" "--marionette" "--remote-debugging-port" "50210" "--remote-allow-hosts" "localhost" "-no-remote" "-profile" "C:\\Users\\gero_\\AppData\\Local\\Temp\\rust_mozprofileod58uJ"
console.warn: services.settings: Ignoring preference override of remote settings server
console.warn: services.settings: Allow by setting MOZ_REMOTE_SETTINGS_DEVTOOLS=1 in the environment
1681170043566	Marionette	INFO	Marionette enabled
Dynamically enable window occlusion 0
1681170043577	Marionette	INFO	Listening on port 50222
Read port: 50222
WebDriver BiDi listening on ws://127.0.0.1:50210
1681170043790	RemoteAgent	WARN	TLS certificate errors will be ignored for this session
DevTools listening on ws://127.0.0.1:50210/devtools/browser/063914ac-1606-41cb-a4ee-d99064f981dc
1681170056685	Marionette	INFO	Stopped listening on port 50222
Dynamically enable window occlusion 1
WARNING: A blocker encountered an error while we were waiting.
          Blocker:  Waiting for ping task
          Phase: TelemetryController: Waiting for pending ping activity
          State: (none)
WARNING: Error: Phase "profile-before-change" is finished, it is too late to register completion condition "OS.File: flush I/O queued before profileBeforeChange"
WARNING: addBlocker@resource://gre/modules/AsyncShutdown.sys.mjs:727:15
addBlocker@resource://gre/modules/AsyncShutdown.sys.mjs:523:26
addBlocker@resource://gre/modules/AsyncShutdown.sys.mjs:458:15
setupShutdown@resource://gre/modules/osfile/osfile_async_front.jsm:1548:28
@resource://gre/modules/osfile/osfile_async_front.jsm:1568:16
@resource://gre/modules/osfile.jsm:12:30
@resource://gre/modules/TelemetryStorage.sys.mjs:10:28
_checkPendingPings@resource://gre/modules/TelemetrySend.sys.mjs:863:17
setup@resource://gre/modules/TelemetrySend.sys.mjs:803:18
setup@resource://gre/modules/TelemetrySend.sys.mjs:241:30
setupTelemetry/this._delayedInitTask<@resource://gre/modules/TelemetryControllerParent.sys.mjs:828:36
observe@resource://gre/modules/AsyncShutdown.sys.mjs:576:16

console.error: "TelemetryScheduler.shutdown - Already shut down"
WARNING: A blocker encountered an error while we were waiting.
          Blocker:  Waiting for ping task
          Phase: TelemetryController: Waiting for pending ping activity
          State: (none)
WARNING: Error: Phase "profile-before-change" is finished, it is too late to register completion condition "OS.File: flush I/O queued before profileBeforeChange"
WARNING: addBlocker@resource://gre/modules/AsyncShutdown.sys.mjs:727:15
addBlocker@resource://gre/modules/AsyncShutdown.sys.mjs:523:26
addBlocker@resource://gre/modules/AsyncShutdown.sys.mjs:458:15
setupShutdown@resource://gre/modules/osfile/osfile_async_front.jsm:1548:28
@resource://gre/modules/osfile/osfile_async_front.jsm:1568:16
@resource://gre/modules/osfile.jsm:12:30
@resource://gre/modules/TelemetryStorage.sys.mjs:10:28
_checkPendingPings@resource://gre/modules/TelemetrySend.sys.mjs:863:17
setup@resource://gre/modules/TelemetrySend.sys.mjs:803:18
setup@resource://gre/modules/TelemetrySend.sys.mjs:241:30
setupTelemetry/this._delayedInitTask<@resource://gre/modules/TelemetryControllerParent.sys.mjs:828:36
observe@resource://gre/modules/AsyncShutdown.sys.mjs:576:16

WARNING: A blocker encountered an error while we were waiting.
          Blocker:  TelemetryController: shutting down
          Phase: profile-before-change-telemetry
          State: Error getting state: Error: Phase "profile-before-change" is finished, it is too late to register completion condition "OS.File: flush I/O queued before profileBeforeChange" at addBlocker@resource://gre/modules/AsyncShutdown.sys.mjs:727:15
addBlocker@resource://gre/modules/AsyncShutdown.sys.mjs:523:26
addBlocker@resource://gre/modules/AsyncShutdown.sys.mjs:458:15
setupShutdown@resource://gre/modules/osfile/osfile_async_front.jsm:1548:28
@resource://gre/modules/osfile/osfile_async_front.jsm:1568:16
@resource://gre/modules/osfile.jsm:12:30
@resource://gre/modules/TelemetryStorage.sys.mjs:10:28
_checkPendingPings@resource://gre/modules/TelemetrySend.sys.mjs:863:17
setup@resource://gre/modules/TelemetrySend.sys.mjs:803:18
setup@resource://gre/modules/TelemetrySend.sys.mjs:241:30
setupTelemetry/this._delayedInitTask<@resource://gre/modules/TelemetryControllerParent.sys.mjs:828:36
observe@resource://gre/modules/AsyncShutdown.sys.mjs:576:16

WARNING: Error: Phase "profile-before-change" is finished, it is too late to register completion condition "OS.File: flush I/O queued before profileBeforeChange"
WARNING: addBlocker@resource://gre/modules/AsyncShutdown.sys.mjs:727:15
addBlocker@resource://gre/modules/AsyncShutdown.sys.mjs:523:26
addBlocker@resource://gre/modules/AsyncShutdown.sys.mjs:458:15
setupShutdown@resource://gre/modules/osfile/osfile_async_front.jsm:1548:28
@resource://gre/modules/osfile/osfile_async_front.jsm:1568:16
@resource://gre/modules/osfile.jsm:12:30
@resource://gre/modules/TelemetryStorage.sys.mjs:10:28
_checkPendingPings@resource://gre/modules/TelemetrySend.sys.mjs:863:17
setup@resource://gre/modules/TelemetrySend.sys.mjs:803:18
setup@resource://gre/modules/TelemetrySend.sys.mjs:241:30
setupTelemetry/this._delayedInitTask<@resource://gre/modules/TelemetryControllerParent.sys.mjs:828:36
observe@resource://gre/modules/AsyncShutdown.sys.mjs:576:16

JavaScript error: resource://gre/modules/AsyncShutdown.sys.mjs, line 727: Error: Phase "profile-before-change" is finished, it is too late to register completion condition "OS.File: flush I/O queued before profileBeforeChange"
JavaScript error: resource://gre/modules/AsyncShutdown.sys.mjs, line 727: Error: Phase "profile-before-change" is finished, it is too late to register completion condition "OS.File: flush I/O queued before profileBeforeChange"
JavaScript error: resource://gre/modules/AsyncShutdown.sys.mjs, line 727: Error: Phase "profile-before-change" is finished, it is too late to register completion condition "OS.File: flush I/O queued before profileBeforeChange"
JavaScript error: resource://gre/modules/AsyncShutdown.sys.mjs, line 727: Error: Phase "profile-before-change" is finished, it is too late to register completion condition "OS.File: flush I/O queued before profileBeforeChange"
JavaScript error: resource://gre/modules/AsyncShutdown.sys.mjs, line 727: Error: Phase "profile-before-change" is finished, it is too late to register completion condition "OS.File: flush I/O queued before profileBeforeChange"
1681170257523	geckodriver	INFO	Listening on 127.0.0.1:50397
1681170265272	mozrunner::runner	INFO	Running command: "C:\\Program Files\\Mozilla Firefox\\firefox.exe" "--marionette" "--remote-debugging-port" "50398" "--remote-allow-hosts" "localhost" "-no-remote" "-profile" "C:\\Users\\gero_\\AppData\\Local\\Temp\\rust_mozprofileWnZ4IT"
console.warn: services.settings: Ignoring preference override of remote settings server
console.warn: services.settings: Allow by setting MOZ_REMOTE_SETTINGS_DEVTOOLS=1 in the environment
1681170266240	Marionette	INFO	Marionette enabled
Dynamically enable window occlusion 0
1681170266250	Marionette	INFO	Listening on port 50409
Read port: 50409
WebDriver BiDi listening on ws://127.0.0.1:50398
1681170266466	RemoteAgent	WARN	TLS certificate errors will be ignored for this session
DevTools listening on ws://127.0.0.1:50398/devtools/browser/54ced8a0-4b7b-4689-b397-450e30a138ac
1681170283708	Marionette	INFO	Stopped listening on port 50409
Dynamically enable window occlusion 1
WARNING: A blocker encountered an error while we were waiting.
          Blocker:  Waiting for ping task
          Phase: TelemetryController: Waiting for pending ping activity
          State: (none)
WARNING: Error: Phase "profile-before-change" is finished, it is too late to register completion condition "OS.File: flush I/O queued before profileBeforeChange"
WARNING: addBlocker@resource://gre/modules/AsyncShutdown.sys.mjs:727:15
addBlocker@resource://gre/modules/AsyncShutdown.sys.mjs:523:26
addBlocker@resource://gre/modules/AsyncShutdown.sys.mjs:458:15
setupShutdown@resource://gre/modules/osfile/osfile_async_front.jsm:1548:28
@resource://gre/modules/osfile/osfile_async_front.jsm:1568:16
@resource://gre/modules/osfile.jsm:12:30
@resource://gre/modules/TelemetryStorage.sys.mjs:10:28
_checkPendingPings@resource://gre/modules/TelemetrySend.sys.mjs:863:17
setup@resource://gre/modules/TelemetrySend.sys.mjs:803:18
setup@resource://gre/modules/TelemetrySend.sys.mjs:241:30
setupTelemetry/this._delayedInitTask<@resource://gre/modules/TelemetryControllerParent.sys.mjs:828:36
observe@resource://gre/modules/AsyncShutdown.sys.mjs:576:16

console.error: "TelemetryScheduler.shutdown - Already shut down"
WARNING: A blocker encountered an error while we were waiting.
          Blocker:  Waiting for ping task
          Phase: TelemetryController: Waiting for pending ping activity
          State: (none)
WARNING: Error: Phase "profile-before-change" is finished, it is too late to register completion condition "OS.File: flush I/O queued before profileBeforeChange"
WARNING: addBlocker@resource://gre/modules/AsyncShutdown.sys.mjs:727:15
addBlocker@resource://gre/modules/AsyncShutdown.sys.mjs:523:26
addBlocker@resource://gre/modules/AsyncShutdown.sys.mjs:458:15
setupShutdown@resource://gre/modules/osfile/osfile_async_front.jsm:1548:28
@resource://gre/modules/osfile/osfile_async_front.jsm:1568:16
@resource://gre/modules/osfile.jsm:12:30
@resource://gre/modules/TelemetryStorage.sys.mjs:10:28
_checkPendingPings@resource://gre/modules/TelemetrySend.sys.mjs:863:17
setup@resource://gre/modules/TelemetrySend.sys.mjs:803:18
setup@resource://gre/modules/TelemetrySend.sys.mjs:241:30
setupTelemetry/this._delayedInitTask<@resource://gre/modules/TelemetryControllerParent.sys.mjs:828:36
observe@resource://gre/modules/AsyncShutdown.sys.mjs:576:16

WARNING: A blocker encountered an error while we were waiting.
          Blocker:  TelemetryController: shutting down
          Phase: profile-before-change-telemetry
          State: Error getting state: Error: Phase "profile-before-change" is finished, it is too late to register completion condition "OS.File: flush I/O queued before profileBeforeChange" at addBlocker@resource://gre/modules/AsyncShutdown.sys.mjs:727:15
addBlocker@resource://gre/modules/AsyncShutdown.sys.mjs:523:26
addBlocker@resource://gre/modules/AsyncShutdown.sys.mjs:458:15
setupShutdown@resource://gre/modules/osfile/osfile_async_front.jsm:1548:28
@resource://gre/modules/osfile/osfile_async_front.jsm:1568:16
@resource://gre/modules/osfile.jsm:12:30
@resource://gre/modules/TelemetryStorage.sys.mjs:10:28
_checkPendingPings@resource://gre/modules/TelemetrySend.sys.mjs:863:17
setup@resource://gre/modules/TelemetrySend.sys.mjs:803:18
setup@resource://gre/modules/TelemetrySend.sys.mjs:241:30
setupTelemetry/this._delayedInitTask<@resource://gre/modules/TelemetryControllerParent.sys.mjs:828:36
observe@resource://gre/modules/AsyncShutdown.sys.mjs:576:16

WARNING: Error: Phase "profile-before-change" is finished, it is too late to register completion condition "OS.File: flush I/O queued before profileBeforeChange"
WARNING: addBlocker@resource://gre/modules/AsyncShutdown.sys.mjs:727:15
addBlocker@resource://gre/modules/AsyncShutdown.sys.mjs:523:26
addBlocker@resource://gre/modules/AsyncShutdown.sys.mjs:458:15
setupShutdown@resource://gre/modules/osfile/osfile_async_front.jsm:1548:28
@resource://gre/modules/osfile/osfile_async_front.jsm:1568:16
@resource://gre/modules/osfile.jsm:12:30
@resource://gre/modules/TelemetryStorage.sys.mjs:10:28
_checkPendingPings@resource://gre/modules/TelemetrySend.sys.mjs:863:17
setup@resource://gre/modules/TelemetrySend.sys.mjs:803:18
setup@resource://gre/modules/TelemetrySend.sys.mjs:241:30
setupTelemetry/this._delayedInitTask<@resource://gre/modules/TelemetryControllerParent.sys.mjs:828:36
observe@resource://gre/modules/AsyncShutdown.sys.mjs:576:16

JavaScript error: resource://gre/modules/AsyncShutdown.sys.mjs, line 727: Error: Phase "profile-before-change" is finished, it is too late to register completion condition "OS.File: flush I/O queued before profileBeforeChange"
JavaScript error: resource://gre/modules/AsyncShutdown.sys.mjs, line 727: Error: Phase "profile-before-change" is finished, it is too late to register completion condition "OS.File: flush I/O queued before profileBeforeChange"
JavaScript error: resource://gre/modules/AsyncShutdown.sys.mjs, line 727: Error: Phase "profile-before-change" is finished, it is too late to register completion condition "OS.File: flush I/O queued before profileBeforeChange"
JavaScript error: resource://gre/modules/AsyncShutdown.sys.mjs, line 727: Error: Phase "profile-before-change" is finished, it is too late to register completion condition "OS.File: flush I/O queued before profileBeforeChange"
JavaScript error: resource://gre/modules/AsyncShutdown.sys.mjs, line 727: Error: Phase "profile-before-change" is finished, it is too late to register completion condition "OS.File: flush I/O queued before profileBeforeChange"
[Parent 11436, IPC I/O Parent] WARNING: pipe error: 232: file /builds/worker/checkouts/gecko/ipc/chromium/src/chrome/common/ipc_channel_win.cc:583
1681170337582	geckodriver	INFO	Listening on 127.0.0.1:50490
1681170345201	mozrunner::runner	INFO	Running command: "C:\\Program Files\\Mozilla Firefox\\firefox.exe" "--marionette" "--remote-debugging-port" "50491" "--remote-allow-hosts" "localhost" "-no-remote" "-profile" "C:\\Users\\gero_\\AppData\\Local\\Temp\\rust_mozprofileWYmGD8"
console.warn: services.settings: Ignoring preference override of remote settings server
console.warn: services.settings: Allow by setting MOZ_REMOTE_SETTINGS_DEVTOOLS=1 in the environment
1681170346302	Marionette	INFO	Marionette enabled
Dynamically enable window occlusion 0
1681170346311	Marionette	INFO	Listening on port 50509
WebDriver BiDi listening on ws://127.0.0.1:50491
Read port: 50509
1681170346835	RemoteAgent	WARN	TLS certificate errors will be ignored for this session
DevTools listening on ws://127.0.0.1:50491/devtools/browser/49a3f394-15ed-46f0-8f18-15d88225709a
1681170408129	Marionette	INFO	Stopped listening on port 50509
Dynamically enable window occlusion 1
1681170449144	geckodriver	INFO	Listening on 127.0.0.1:50593
1681170456665	mozrunner::runner	INFO	Running command: "C:\\Program Files\\Mozilla Firefox\\firefox.exe" "--marionette" "--remote-debugging-port" "50594" "--remote-allow-hosts" "localhost" "-no-remote" "-profile" "C:\\Users\\gero_\\AppData\\Local\\Temp\\rust_mozprofile4TyvD8"
console.warn: services.settings: Ignoring preference override of remote settings server
console.warn: services.settings: Allow by setting MOZ_REMOTE_SETTINGS_DEVTOOLS=1 in the environment
1681170457641	Marionette	INFO	Marionette enabled
Dynamically enable window occlusion 0
1681170457649	Marionette	INFO	Listening on port 50606
Read port: 50606
WebDriver BiDi listening on ws://127.0.0.1:50594
1681170457863	RemoteAgent	WARN	TLS certificate errors will be ignored for this session
DevTools listening on ws://127.0.0.1:50594/devtools/browser/5cb56a4c-0878-4b73-b6bb-a4470ec34152
1681170560152	geckodriver	INFO	Listening on 127.0.0.1:50749
1681170573857	mozrunner::runner	INFO	Running command: "C:\\Program Files\\Mozilla Firefox\\firefox.exe" "--marionette" "--remote-debugging-port" "50750" "--remote-allow-hosts" "localhost" "-no-remote" "-profile" "C:\\Users\\gero_\\AppData\\Local\\Temp\\rust_mozprofileNatpy0"
console.warn: services.settings: Ignoring preference override of remote settings server
console.warn: services.settings: Allow by setting MOZ_REMOTE_SETTINGS_DEVTOOLS=1 in the environment
1681170575512	Marionette	INFO	Marionette enabled
Dynamically enable window occlusion 0
1681170575523	Marionette	INFO	Listening on port 50799
Read port: 50799
WebDriver BiDi listening on ws://127.0.0.1:50750
1681170575870	RemoteAgent	WARN	TLS certificate errors will be ignored for this session
DevTools listening on ws://127.0.0.1:50750/devtools/browser/7f8331b5-c39e-4035-a671-677b3112f507
1681170589388	Marionette	INFO	Stopped listening on port 50799
Dynamically enable window occlusion 1
WARNING: A blocker encountered an error while we were waiting.
          Blocker:  Waiting for ping task
          Phase: TelemetryController: Waiting for pending ping activity
          State: (none)
WARNING: Error: Phase "profile-before-change" is finished, it is too late to register completion condition "OS.File: flush I/O queued before profileBeforeChange"
WARNING: addBlocker@resource://gre/modules/AsyncShutdown.sys.mjs:727:15
addBlocker@resource://gre/modules/AsyncShutdown.sys.mjs:523:26
addBlocker@resource://gre/modules/AsyncShutdown.sys.mjs:458:15
setupShutdown@resource://gre/modules/osfile/osfile_async_front.jsm:1548:28
@resource://gre/modules/osfile/osfile_async_front.jsm:1568:16
@resource://gre/modules/osfile.jsm:12:30
@resource://gre/modules/TelemetryStorage.sys.mjs:10:28
_checkPendingPings@resource://gre/modules/TelemetrySend.sys.mjs:863:17
setup@resource://gre/modules/TelemetrySend.sys.mjs:803:18
setup@resource://gre/modules/TelemetrySend.sys.mjs:241:30
setupTelemetry/this._delayedInitTask<@resource://gre/modules/TelemetryControllerParent.sys.mjs:828:36
observe@resource://gre/modules/AsyncShutdown.sys.mjs:576:16

console.error: "TelemetryScheduler.shutdown - Already shut down"
WARNING: A blocker encountered an error while we were waiting.
          Blocker:  Waiting for ping task
          Phase: TelemetryController: Waiting for pending ping activity
          State: (none)
WARNING: Error: Phase "profile-before-change" is finished, it is too late to register completion condition "OS.File: flush I/O queued before profileBeforeChange"
WARNING: addBlocker@resource://gre/modules/AsyncShutdown.sys.mjs:727:15
addBlocker@resource://gre/modules/AsyncShutdown.sys.mjs:523:26
addBlocker@resource://gre/modules/AsyncShutdown.sys.mjs:458:15
setupShutdown@resource://gre/modules/osfile/osfile_async_front.jsm:1548:28
@resource://gre/modules/osfile/osfile_async_front.jsm:1568:16
@resource://gre/modules/osfile.jsm:12:30
@resource://gre/modules/TelemetryStorage.sys.mjs:10:28
_checkPendingPings@resource://gre/modules/TelemetrySend.sys.mjs:863:17
setup@resource://gre/modules/TelemetrySend.sys.mjs:803:18
setup@resource://gre/modules/TelemetrySend.sys.mjs:241:30
setupTelemetry/this._delayedInitTask<@resource://gre/modules/TelemetryControllerParent.sys.mjs:828:36
observe@resource://gre/modules/AsyncShutdown.sys.mjs:576:16

WARNING: A blocker encountered an error while we were waiting.
          Blocker:  TelemetryController: shutting down
          Phase: profile-before-change-telemetry
          State: Error getting state: Error: Phase "profile-before-change" is finished, it is too late to register completion condition "OS.File: flush I/O queued before profileBeforeChange" at addBlocker@resource://gre/modules/AsyncShutdown.sys.mjs:727:15
addBlocker@resource://gre/modules/AsyncShutdown.sys.mjs:523:26
addBlocker@resource://gre/modules/AsyncShutdown.sys.mjs:458:15
setupShutdown@resource://gre/modules/osfile/osfile_async_front.jsm:1548:28
@resource://gre/modules/osfile/osfile_async_front.jsm:1568:16
@resource://gre/modules/osfile.jsm:12:30
@resource://gre/modules/TelemetryStorage.sys.mjs:10:28
_checkPendingPings@resource://gre/modules/TelemetrySend.sys.mjs:863:17
setup@resource://gre/modules/TelemetrySend.sys.mjs:803:18
setup@resource://gre/modules/TelemetrySend.sys.mjs:241:30
setupTelemetry/this._delayedInitTask<@resource://gre/modules/TelemetryControllerParent.sys.mjs:828:36
observe@resource://gre/modules/AsyncShutdown.sys.mjs:576:16

WARNING: Error: Phase "profile-before-change" is finished, it is too late to register completion condition "OS.File: flush I/O queued before profileBeforeChange"
WARNING: addBlocker@resource://gre/modules/AsyncShutdown.sys.mjs:727:15
addBlocker@resource://gre/modules/AsyncShutdown.sys.mjs:523:26
addBlocker@resource://gre/modules/AsyncShutdown.sys.mjs:458:15
setupShutdown@resource://gre/modules/osfile/osfile_async_front.jsm:1548:28
@resource://gre/modules/osfile/osfile_async_front.jsm:1568:16
@resource://gre/modules/osfile.jsm:12:30
@resource://gre/modules/TelemetryStorage.sys.mjs:10:28
_checkPendingPings@resource://gre/modules/TelemetrySend.sys.mjs:863:17
setup@resource://gre/modules/TelemetrySend.sys.mjs:803:18
setup@resource://gre/modules/TelemetrySend.sys.mjs:241:30
setupTelemetry/this._delayedInitTask<@resource://gre/modules/TelemetryControllerParent.sys.mjs:828:36
observe@resource://gre/modules/AsyncShutdown.sys.mjs:576:16

JavaScript error: resource://gre/modules/AsyncShutdown.sys.mjs, line 727: Error: Phase "profile-before-change" is finished, it is too late to register completion condition "OS.File: flush I/O queued before profileBeforeChange"
JavaScript error: resource://gre/modules/AsyncShutdown.sys.mjs, line 727: Error: Phase "profile-before-change" is finished, it is too late to register completion condition "OS.File: flush I/O queued before profileBeforeChange"
JavaScript error: resource://gre/modules/AsyncShutdown.sys.mjs, line 727: Error: Phase "profile-before-change" is finished, it is too late to register completion condition "OS.File: flush I/O queued before profileBeforeChange"
JavaScript error: resource://gre/modules/AsyncShutdown.sys.mjs, line 727: Error: Phase "profile-before-change" is finished, it is too late to register completion condition "OS.File: flush I/O queued before profileBeforeChange"
JavaScript error: resource://gre/modules/AsyncShutdown.sys.mjs, line 727: Error: Phase "profile-before-change" is finished, it is too late to register completion condition "OS.File: flush I/O queued before profileBeforeChange"
1681170771106	geckodriver	INFO	Listening on 127.0.0.1:50932
1681170778716	mozrunner::runner	INFO	Running command: "C:\\Program Files\\Mozilla Firefox\\firefox.exe" "--marionette" "--remote-debugging-port" "50933" "--remote-allow-hosts" "localhost" "-no-remote" "-profile" "C:\\Users\\gero_\\AppData\\Local\\Temp\\rust_mozprofilePehxlR"
console.warn: services.settings: Ignoring preference override of remote settings server
console.warn: services.settings: Allow by setting MOZ_REMOTE_SETTINGS_DEVTOOLS=1 in the environment
1681170780599	Marionette	INFO	Marionette enabled
Dynamically enable window occlusion 0
1681170780610	Marionette	INFO	Listening on port 50944
Read port: 50944
WebDriver BiDi listening on ws://127.0.0.1:50933
1681170780829	RemoteAgent	WARN	TLS certificate errors will be ignored for this session
DevTools listening on ws://127.0.0.1:50933/devtools/browser/01e56a7c-8590-4d1b-bd41-3883d18f4004
1681170817086	Marionette	INFO	Stopped listening on port 50944
Dynamically enable window occlusion 1
WARNING: A blocker encountered an error while we were waiting.
          Blocker:  Waiting for ping task
          Phase: TelemetryController: Waiting for pending ping activity
          State: (none)
WARNING: Error: Phase "profile-before-change" is finished, it is too late to register completion condition "OS.File: flush I/O queued before profileBeforeChange"
WARNING: addBlocker@resource://gre/modules/AsyncShutdown.sys.mjs:727:15
addBlocker@resource://gre/modules/AsyncShutdown.sys.mjs:523:26
addBlocker@resource://gre/modules/AsyncShutdown.sys.mjs:458:15
setupShutdown@resource://gre/modules/osfile/osfile_async_front.jsm:1548:28
@resource://gre/modules/osfile/osfile_async_front.jsm:1568:16
@resource://gre/modules/osfile.jsm:12:30
@resource://gre/modules/TelemetryStorage.sys.mjs:10:28
_checkPendingPings@resource://gre/modules/TelemetrySend.sys.mjs:863:17
setup@resource://gre/modules/TelemetrySend.sys.mjs:803:18
setup@resource://gre/modules/TelemetrySend.sys.mjs:241:30
setupTelemetry/this._delayedInitTask<@resource://gre/modules/TelemetryControllerParent.sys.mjs:828:36
observe@resource://gre/modules/AsyncShutdown.sys.mjs:576:16

console.error: "TelemetryScheduler.shutdown - Already shut down"
WARNING: A blocker encountered an error while we were waiting.
          Blocker:  Waiting for ping task
          Phase: TelemetryController: Waiting for pending ping activity
          State: (none)
WARNING: Error: Phase "profile-before-change" is finished, it is too late to register completion condition "OS.File: flush I/O queued before profileBeforeChange"
WARNING: addBlocker@resource://gre/modules/AsyncShutdown.sys.mjs:727:15
addBlocker@resource://gre/modules/AsyncShutdown.sys.mjs:523:26
addBlocker@resource://gre/modules/AsyncShutdown.sys.mjs:458:15
setupShutdown@resource://gre/modules/osfile/osfile_async_front.jsm:1548:28
@resource://gre/modules/osfile/osfile_async_front.jsm:1568:16
@resource://gre/modules/osfile.jsm:12:30
@resource://gre/modules/TelemetryStorage.sys.mjs:10:28
_checkPendingPings@resource://gre/modules/TelemetrySend.sys.mjs:863:17
setup@resource://gre/modules/TelemetrySend.sys.mjs:803:18
setup@resource://gre/modules/TelemetrySend.sys.mjs:241:30
setupTelemetry/this._delayedInitTask<@resource://gre/modules/TelemetryControllerParent.sys.mjs:828:36
observe@resource://gre/modules/AsyncShutdown.sys.mjs:576:16

WARNING: A blocker encountered an error while we were waiting.
          Blocker:  TelemetryController: shutting down
          Phase: profile-before-change-telemetry
          State: Error getting state: Error: Phase "profile-before-change" is finished, it is too late to register completion condition "OS.File: flush I/O queued before profileBeforeChange" at addBlocker@resource://gre/modules/AsyncShutdown.sys.mjs:727:15
addBlocker@resource://gre/modules/AsyncShutdown.sys.mjs:523:26
addBlocker@resource://gre/modules/AsyncShutdown.sys.mjs:458:15
setupShutdown@resource://gre/modules/osfile/osfile_async_front.jsm:1548:28
@resource://gre/modules/osfile/osfile_async_front.jsm:1568:16
@resource://gre/modules/osfile.jsm:12:30
@resource://gre/modules/TelemetryStorage.sys.mjs:10:28
_checkPendingPings@resource://gre/modules/TelemetrySend.sys.mjs:863:17
setup@resource://gre/modules/TelemetrySend.sys.mjs:803:18
setup@resource://gre/modules/TelemetrySend.sys.mjs:241:30
setupTelemetry/this._delayedInitTask<@resource://gre/modules/TelemetryControllerParent.sys.mjs:828:36
observe@resource://gre/modules/AsyncShutdown.sys.mjs:576:16

WARNING: Error: Phase "profile-before-change" is finished, it is too late to register completion condition "OS.File: flush I/O queued before profileBeforeChange"
WARNING: addBlocker@resource://gre/modules/AsyncShutdown.sys.mjs:727:15
addBlocker@resource://gre/modules/AsyncShutdown.sys.mjs:523:26
addBlocker@resource://gre/modules/AsyncShutdown.sys.mjs:458:15
setupShutdown@resource://gre/modules/osfile/osfile_async_front.jsm:1548:28
@resource://gre/modules/osfile/osfile_async_front.jsm:1568:16
@resource://gre/modules/osfile.jsm:12:30
@resource://gre/modules/TelemetryStorage.sys.mjs:10:28
_checkPendingPings@resource://gre/modules/TelemetrySend.sys.mjs:863:17
setup@resource://gre/modules/TelemetrySend.sys.mjs:803:18
setup@resource://gre/modules/TelemetrySend.sys.mjs:241:30
setupTelemetry/this._delayedInitTask<@resource://gre/modules/TelemetryControllerParent.sys.mjs:828:36
observe@resource://gre/modules/AsyncShutdown.sys.mjs:576:16

JavaScript error: resource://gre/modules/AsyncShutdown.sys.mjs, line 727: Error: Phase "profile-before-change" is finished, it is too late to register completion condition "OS.File: flush I/O queued before profileBeforeChange"
JavaScript error: resource://gre/modules/AsyncShutdown.sys.mjs, line 727: Error: Phase "profile-before-change" is finished, it is too late to register completion condition "OS.File: flush I/O queued before profileBeforeChange"
JavaScript error: resource://gre/modules/AsyncShutdown.sys.mjs, line 727: Error: Phase "profile-before-change" is finished, it is too late to register completion condition "OS.File: flush I/O queued before profileBeforeChange"
JavaScript error: resource://gre/modules/AsyncShutdown.sys.mjs, line 727: Error: Phase "profile-before-change" is finished, it is too late to register completion condition "OS.File: flush I/O queued before profileBeforeChange"
JavaScript error: resource://gre/modules/AsyncShutdown.sys.mjs, line 727: Error: Phase "profile-before-change" is finished, it is too late to register completion condition "OS.File: flush I/O queued before profileBeforeChange"
1681170852693	geckodriver	INFO	Listening on 127.0.0.1:51024
1681170860594	mozrunner::runner	INFO	Running command: "C:\\Program Files\\Mozilla Firefox\\firefox.exe" "--marionette" "--remote-debugging-port" "51025" "--remote-allow-hosts" "localhost" "-no-remote" "-profile" "C:\\Users\\gero_\\AppData\\Local\\Temp\\rust_mozprofileX0MJ4p"
console.warn: services.settings: Ignoring preference override of remote settings server
console.warn: services.settings: Allow by setting MOZ_REMOTE_SETTINGS_DEVTOOLS=1 in the environment
1681170861573	Marionette	INFO	Marionette enabled
Dynamically enable window occlusion 0
1681170861582	Marionette	INFO	Listening on port 51039
Read port: 51039
WebDriver BiDi listening on ws://127.0.0.1:51025
1681170861789	RemoteAgent	WARN	TLS certificate errors will be ignored for this session
DevTools listening on ws://127.0.0.1:51025/devtools/browser/d8503738-fbfa-49ea-a8a4-b4ef99cec5e1
1681171010659	geckodriver	INFO	Listening on 127.0.0.1:51178
1681171033079	geckodriver	INFO	Listening on 127.0.0.1:51198
1681171040844	mozrunner::runner	INFO	Running command: "C:\\Program Files\\Mozilla Firefox\\firefox.exe" "--marionette" "--remote-debugging-port" "51199" "--remote-allow-hosts" "localhost" "-no-remote" "-profile" "C:\\Users\\gero_\\AppData\\Local\\Temp\\rust_mozprofilerY7yDc"
console.warn: services.settings: Ignoring preference override of remote settings server
console.warn: services.settings: Allow by setting MOZ_REMOTE_SETTINGS_DEVTOOLS=1 in the environment
1681171041826	Marionette	INFO	Marionette enabled
Dynamically enable window occlusion 0
1681171041837	Marionette	INFO	Listening on port 51213
Read port: 51213
WebDriver BiDi listening on ws://127.0.0.1:51199
1681171042071	RemoteAgent	WARN	TLS certificate errors will be ignored for this session
DevTools listening on ws://127.0.0.1:51199/devtools/browser/355b6494-c05d-4711-b984-063108b355b5
windows.onFocusChanged event fired after context unloaded.
tabs.onActivated event fired after context unloaded.
tabs.onActivated event fired after context unloaded.
tabs.onActivated event fired after context unloaded.
tabs.onActivated event fired after context unloaded.
windows.onFocusChanged event fired after context unloaded.
1681171066153	Marionette	INFO	Stopped listening on port 51213
Dynamically enable window occlusion 1
WARNING: A blocker encountered an error while we were waiting.
          Blocker:  Waiting for ping task
          Phase: TelemetryController: Waiting for pending ping activity
          State: (none)
WARNING: Error: Phase "profile-before-change" is finished, it is too late to register completion condition "OS.File: flush I/O queued before profileBeforeChange"
WARNING: addBlocker@resource://gre/modules/AsyncShutdown.sys.mjs:727:15
addBlocker@resource://gre/modules/AsyncShutdown.sys.mjs:523:26
addBlocker@resource://gre/modules/AsyncShutdown.sys.mjs:458:15
setupShutdown@resource://gre/modules/osfile/osfile_async_front.jsm:1548:28
@resource://gre/modules/osfile/osfile_async_front.jsm:1568:16
@resource://gre/modules/osfile.jsm:12:30
@resource://gre/modules/TelemetryStorage.sys.mjs:10:28
_checkPendingPings@resource://gre/modules/TelemetrySend.sys.mjs:863:17
setup@resource://gre/modules/TelemetrySend.sys.mjs:803:18
setup@resource://gre/modules/TelemetrySend.sys.mjs:241:30
setupTelemetry/this._delayedInitTask<@resource://gre/modules/TelemetryControllerParent.sys.mjs:828:36
observe@resource://gre/modules/AsyncShutdown.sys.mjs:576:16

console.error: "TelemetryScheduler.shutdown - Already shut down"
WARNING: A blocker encountered an error while we were waiting.
          Blocker:  Waiting for ping task
          Phase: TelemetryController: Waiting for pending ping activity
          State: (none)
WARNING: Error: Phase "profile-before-change" is finished, it is too late to register completion condition "OS.File: flush I/O queued before profileBeforeChange"
WARNING: addBlocker@resource://gre/modules/AsyncShutdown.sys.mjs:727:15
addBlocker@resource://gre/modules/AsyncShutdown.sys.mjs:523:26
addBlocker@resource://gre/modules/AsyncShutdown.sys.mjs:458:15
setupShutdown@resource://gre/modules/osfile/osfile_async_front.jsm:1548:28
@resource://gre/modules/osfile/osfile_async_front.jsm:1568:16
@resource://gre/modules/osfile.jsm:12:30
@resource://gre/modules/TelemetryStorage.sys.mjs:10:28
_checkPendingPings@resource://gre/modules/TelemetrySend.sys.mjs:863:17
setup@resource://gre/modules/TelemetrySend.sys.mjs:803:18
setup@resource://gre/modules/TelemetrySend.sys.mjs:241:30
setupTelemetry/this._delayedInitTask<@resource://gre/modules/TelemetryControllerParent.sys.mjs:828:36
observe@resource://gre/modules/AsyncShutdown.sys.mjs:576:16

WARNING: A blocker encountered an error while we were waiting.
          Blocker:  TelemetryController: shutting down
          Phase: profile-before-change-telemetry
          State: Error getting state: Error: Phase "profile-before-change" is finished, it is too late to register completion condition "OS.File: flush I/O queued before profileBeforeChange" at addBlocker@resource://gre/modules/AsyncShutdown.sys.mjs:727:15
addBlocker@resource://gre/modules/AsyncShutdown.sys.mjs:523:26
addBlocker@resource://gre/modules/AsyncShutdown.sys.mjs:458:15
setupShutdown@resource://gre/modules/osfile/osfile_async_front.jsm:1548:28
@resource://gre/modules/osfile/osfile_async_front.jsm:1568:16
@resource://gre/modules/osfile.jsm:12:30
@resource://gre/modules/TelemetryStorage.sys.mjs:10:28
_checkPendingPings@resource://gre/modules/TelemetrySend.sys.mjs:863:17
setup@resource://gre/modules/TelemetrySend.sys.mjs:803:18
setup@resource://gre/modules/TelemetrySend.sys.mjs:241:30
setupTelemetry/this._delayedInitTask<@resource://gre/modules/TelemetryControllerParent.sys.mjs:828:36
observe@resource://gre/modules/AsyncShutdown.sys.mjs:576:16

WARNING: Error: Phase "profile-before-change" is finished, it is too late to register completion condition "OS.File: flush I/O queued before profileBeforeChange"
WARNING: addBlocker@resource://gre/modules/AsyncShutdown.sys.mjs:727:15
addBlocker@resource://gre/modules/AsyncShutdown.sys.mjs:523:26
addBlocker@resource://gre/modules/AsyncShutdown.sys.mjs:458:15
setupShutdown@resource://gre/modules/osfile/osfile_async_front.jsm:1548:28
@resource://gre/modules/osfile/osfile_async_front.jsm:1568:16
@resource://gre/modules/osfile.jsm:12:30
@resource://gre/modules/TelemetryStorage.sys.mjs:10:28
_checkPendingPings@resource://gre/modules/TelemetrySend.sys.mjs:863:17
setup@resource://gre/modules/TelemetrySend.sys.mjs:803:18
setup@resource://gre/modules/TelemetrySend.sys.mjs:241:30
setupTelemetry/this._delayedInitTask<@resource://gre/modules/TelemetryControllerParent.sys.mjs:828:36
observe@resource://gre/modules/AsyncShutdown.sys.mjs:576:16

JavaScript error: resource://gre/modules/AsyncShutdown.sys.mjs, line 727: Error: Phase "profile-before-change" is finished, it is too late to register completion condition "OS.File: flush I/O queued before profileBeforeChange"
JavaScript error: resource://gre/modules/AsyncShutdown.sys.mjs, line 727: Error: Phase "profile-before-change" is finished, it is too late to register completion condition "OS.File: flush I/O queued before profileBeforeChange"
JavaScript error: resource://gre/modules/AsyncShutdown.sys.mjs, line 727: Error: Phase "profile-before-change" is finished, it is too late to register completion condition "OS.File: flush I/O queued before profileBeforeChange"
JavaScript error: resource://gre/modules/AsyncShutdown.sys.mjs, line 727: Error: Phase "profile-before-change" is finished, it is too late to register completion condition "OS.File: flush I/O queued before profileBeforeChange"
JavaScript error: resource://gre/modules/AsyncShutdown.sys.mjs, line 727: Error: Phase "profile-before-change" is finished, it is too late to register completion condition "OS.File: flush I/O queued before profileBeforeChange"
1681171094103	geckodriver	INFO	Listening on 127.0.0.1:51514
1681171102050	mozrunner::runner	INFO	Running command: "C:\\Program Files\\Mozilla Firefox\\firefox.exe" "--marionette" "--remote-debugging-port" "51515" "--remote-allow-hosts" "localhost" "-no-remote" "-profile" "C:\\Users\\gero_\\AppData\\Local\\Temp\\rust_mozprofilex7eUPr"
console.warn: services.settings: Ignoring preference override of remote settings server
console.warn: services.settings: Allow by setting MOZ_REMOTE_SETTINGS_DEVTOOLS=1 in the environment
1681171104028	Marionette	INFO	Marionette enabled
Dynamically enable window occlusion 0
1681171104039	Marionette	INFO	Listening on port 51533
Read port: 51533
WebDriver BiDi listening on ws://127.0.0.1:51515
1681171104248	RemoteAgent	WARN	TLS certificate errors will be ignored for this session
DevTools listening on ws://127.0.0.1:51515/devtools/browser/0967b781-560d-4b05-a0ff-ea304976b44d
JavaScript warning: https://static.cdninstagram.com/rsrc.php/v3ip1w4/yv/l/pt_BR/T66HRnLdLkw.js?_nc_x=Ij3Wp8lg5Kz, line 26: WEBGL_debug_renderer_info is deprecated in Firefox and will be removed. Please use RENDERER.
JavaScript warning: https://static.cdninstagram.com/rsrc.php/v3ip1w4/yv/l/pt_BR/T66HRnLdLkw.js?_nc_x=Ij3Wp8lg5Kz, line 26: WEBGL_debug_renderer_info is deprecated in Firefox and will be removed. Please use RENDERER.
JavaScript warning: https://static.cdninstagram.com/rsrc.php/v3ip1w4/yv/l/pt_BR/T66HRnLdLkw.js?_nc_x=Ij3Wp8lg5Kz, line 26: WEBGL_debug_renderer_info is deprecated in Firefox and will be removed. Please use RENDERER.
1681171168816	Marionette	INFO	Stopped listening on port 51533
Dynamically enable window occlusion 1
1681171183810	geckodriver	INFO	Listening on 127.0.0.1:51668
1681171192211	mozrunner::runner	INFO	Running command: "C:\\Program Files\\Mozilla Firefox\\firefox.exe" "--marionette" "--remote-debugging-port" "51669" "--remote-allow-hosts" "localhost" "-no-remote" "-profile" "C:\\Users\\gero_\\AppData\\Local\\Temp\\rust_mozprofilekMMHtc"
console.warn: services.settings: Ignoring preference override of remote settings server
console.warn: services.settings: Allow by setting MOZ_REMOTE_SETTINGS_DEVTOOLS=1 in the environment
1681171193161	Marionette	INFO	Marionette enabled
Dynamically enable window occlusion 0
1681171193171	Marionette	INFO	Listening on port 51680
Read port: 51680
WebDriver BiDi listening on ws://127.0.0.1:51669
1681171193409	RemoteAgent	WARN	TLS certificate errors will be ignored for this session
DevTools listening on ws://127.0.0.1:51669/devtools/browser/87c1d5fd-fdf0-4715-a38f-eca2620ed44a
JavaScript warning: https://static.cdninstagram.com/rsrc.php/v3ip1w4/yv/l/pt_BR/T66HRnLdLkw.js?_nc_x=Ij3Wp8lg5Kz, line 26: WEBGL_debug_renderer_info is deprecated in Firefox and will be removed. Please use RENDERER.
JavaScript warning: https://static.cdninstagram.com/rsrc.php/v3ip1w4/yv/l/pt_BR/T66HRnLdLkw.js?_nc_x=Ij3Wp8lg5Kz, line 26: WEBGL_debug_renderer_info is deprecated in Firefox and will be removed. Please use RENDERER.
JavaScript warning: https://static.cdninstagram.com/rsrc.php/v3ip1w4/yv/l/pt_BR/T66HRnLdLkw.js?_nc_x=Ij3Wp8lg5Kz, line 26: WEBGL_debug_renderer_info is deprecated in Firefox and will be removed. Please use RENDERER.
1681171204422	Marionette	INFO	Stopped listening on port 51680
Dynamically enable window occlusion 1
WARNING: A blocker encountered an error while we were waiting.
          Blocker:  Waiting for ping task
          Phase: TelemetryController: Waiting for pending ping activity
          State: (none)
WARNING: Error: Phase "profile-before-change" is finished, it is too late to register completion condition "OS.File: flush I/O queued before profileBeforeChange"
WARNING: addBlocker@resource://gre/modules/AsyncShutdown.sys.mjs:727:15
addBlocker@resource://gre/modules/AsyncShutdown.sys.mjs:523:26
addBlocker@resource://gre/modules/AsyncShutdown.sys.mjs:458:15
setupShutdown@resource://gre/modules/osfile/osfile_async_front.jsm:1548:28
@resource://gre/modules/osfile/osfile_async_front.jsm:1568:16
@resource://gre/modules/osfile.jsm:12:30
@resource://gre/modules/TelemetryStorage.sys.mjs:10:28
_checkPendingPings@resource://gre/modules/TelemetrySend.sys.mjs:863:17
setup@resource://gre/modules/TelemetrySend.sys.mjs:803:18
setup@resource://gre/modules/TelemetrySend.sys.mjs:241:30
setupTelemetry/this._delayedInitTask<@resource://gre/modules/TelemetryControllerParent.sys.mjs:828:36
observe@resource://gre/modules/AsyncShutdown.sys.mjs:576:16

console.error: "TelemetryScheduler.shutdown - Already shut down"
WARNING: A blocker encountered an error while we were waiting.
          Blocker:  Waiting for ping task
          Phase: TelemetryController: Waiting for pending ping activity
          State: (none)
WARNING: Error: Phase "profile-before-change" is finished, it is too late to register completion condition "OS.File: flush I/O queued before profileBeforeChange"
WARNING: addBlocker@resource://gre/modules/AsyncShutdown.sys.mjs:727:15
addBlocker@resource://gre/modules/AsyncShutdown.sys.mjs:523:26
addBlocker@resource://gre/modules/AsyncShutdown.sys.mjs:458:15
setupShutdown@resource://gre/modules/osfile/osfile_async_front.jsm:1548:28
@resource://gre/modules/osfile/osfile_async_front.jsm:1568:16
@resource://gre/modules/osfile.jsm:12:30
@resource://gre/modules/TelemetryStorage.sys.mjs:10:28
_checkPendingPings@resource://gre/modules/TelemetrySend.sys.mjs:863:17
setup@resource://gre/modules/TelemetrySend.sys.mjs:803:18
setup@resource://gre/modules/TelemetrySend.sys.mjs:241:30
setupTelemetry/this._delayedInitTask<@resource://gre/modules/TelemetryControllerParent.sys.mjs:828:36
observe@resource://gre/modules/AsyncShutdown.sys.mjs:576:16

WARNING: A blocker encountered an error while we were waiting.
          Blocker:  TelemetryController: shutting down
          Phase: profile-before-change-telemetry
          State: Error getting state: Error: Phase "profile-before-change" is finished, it is too late to register completion condition "OS.File: flush I/O queued before profileBeforeChange" at addBlocker@resource://gre/modules/AsyncShutdown.sys.mjs:727:15
addBlocker@resource://gre/modules/AsyncShutdown.sys.mjs:523:26
addBlocker@resource://gre/modules/AsyncShutdown.sys.mjs:458:15
setupShutdown@resource://gre/modules/osfile/osfile_async_front.jsm:1548:28
@resource://gre/modules/osfile/osfile_async_front.jsm:1568:16
@resource://gre/modules/osfile.jsm:12:30
@resource://gre/modules/TelemetryStorage.sys.mjs:10:28
_checkPendingPings@resource://gre/modules/TelemetrySend.sys.mjs:863:17
setup@resource://gre/modules/TelemetrySend.sys.mjs:803:18
setup@resource://gre/modules/TelemetrySend.sys.mjs:241:30
setupTelemetry/this._delayedInitTask<@resource://gre/modules/TelemetryControllerParent.sys.mjs:828:36
observe@resource://gre/modules/AsyncShutdown.sys.mjs:576:16

WARNING: Error: Phase "profile-before-change" is finished, it is too late to register completion condition "OS.File: flush I/O queued before profileBeforeChange"
WARNING: addBlocker@resource://gre/modules/AsyncShutdown.sys.mjs:727:15
addBlocker@resource://gre/modules/AsyncShutdown.sys.mjs:523:26
addBlocker@resource://gre/modules/AsyncShutdown.sys.mjs:458:15
setupShutdown@resource://gre/modules/osfile/osfile_async_front.jsm:1548:28
@resource://gre/modules/osfile/osfile_async_front.jsm:1568:16
@resource://gre/modules/osfile.jsm:12:30
@resource://gre/modules/TelemetryStorage.sys.mjs:10:28
_checkPendingPings@resource://gre/modules/TelemetrySend.sys.mjs:863:17
setup@resource://gre/modules/TelemetrySend.sys.mjs:803:18
setup@resource://gre/modules/TelemetrySend.sys.mjs:241:30
setupTelemetry/this._delayedInitTask<@resource://gre/modules/TelemetryControllerParent.sys.mjs:828:36
observe@resource://gre/modules/AsyncShutdown.sys.mjs:576:16

JavaScript error: resource://gre/modules/AsyncShutdown.sys.mjs, line 727: Error: Phase "profile-before-change" is finished, it is too late to register completion condition "OS.File: flush I/O queued before profileBeforeChange"
JavaScript error: resource://gre/modules/AsyncShutdown.sys.mjs, line 727: Error: Phase "profile-before-change" is finished, it is too late to register completion condition "OS.File: flush I/O queued before profileBeforeChange"
JavaScript error: resource://gre/modules/AsyncShutdown.sys.mjs, line 727: Error: Phase "profile-before-change" is finished, it is too late to register completion condition "OS.File: flush I/O queued before profileBeforeChange"
JavaScript error: resource://gre/modules/AsyncShutdown.sys.mjs, line 727: Error: Phase "profile-before-change" is finished, it is too late to register completion condition "OS.File: flush I/O queued before profileBeforeChange"
JavaScript error: resource://gre/modules/AsyncShutdown.sys.mjs, line 727: Error: Phase "profile-before-change" is finished, it is too late to register completion condition "OS.File: flush I/O queued before profileBeforeChange"
1681171345644	geckodriver	INFO	Listening on 127.0.0.1:51846
1681171351191	geckodriver	INFO	Listening on 127.0.0.1:51857
1681171358864	mozrunner::runner	INFO	Running command: "C:\\Program Files\\Mozilla Firefox\\firefox.exe" "--marionette" "--remote-debugging-port" "51858" "--remote-allow-hosts" "localhost" "-no-remote" "-profile" "C:\\Users\\gero_\\AppData\\Local\\Temp\\rust_mozprofilegqqnKY"
console.warn: services.settings: Ignoring preference override of remote settings server
console.warn: services.settings: Allow by setting MOZ_REMOTE_SETTINGS_DEVTOOLS=1 in the environment
1681171368844	geckodriver	INFO	Listening on 127.0.0.1:51879
1681171376437	mozrunner::runner	INFO	Running command: "C:\\Program Files\\Mozilla Firefox\\firefox.exe" "--marionette" "--remote-debugging-port" "51880" "--remote-allow-hosts" "localhost" "-no-remote" "-profile" "C:\\Users\\gero_\\AppData\\Local\\Temp\\rust_mozprofileHwfP14"
console.warn: services.settings: Ignoring preference override of remote settings server
console.warn: services.settings: Allow by setting MOZ_REMOTE_SETTINGS_DEVTOOLS=1 in the environment
1681171377384	Marionette	INFO	Marionette enabled
Dynamically enable window occlusion 0
1681171377399	Marionette	INFO	Listening on port 51891
Read port: 51891
WebDriver BiDi listening on ws://127.0.0.1:51880
1681171377958	RemoteAgent	WARN	TLS certificate errors will be ignored for this session
DevTools listening on ws://127.0.0.1:51880/devtools/browser/c1521c4b-1d10-4765-8924-7275960ef4e9
JavaScript warning: https://static.cdninstagram.com/rsrc.php/v3ip1w4/yv/l/pt_BR/T66HRnLdLkw.js?_nc_x=Ij3Wp8lg5Kz, line 26: WEBGL_debug_renderer_info is deprecated in Firefox and will be removed. Please use RENDERER.
JavaScript warning: https://static.cdninstagram.com/rsrc.php/v3ip1w4/yv/l/pt_BR/T66HRnLdLkw.js?_nc_x=Ij3Wp8lg5Kz, line 26: WEBGL_debug_renderer_info is deprecated in Firefox and will be removed. Please use RENDERER.
JavaScript warning: https://static.cdninstagram.com/rsrc.php/v3ip1w4/yv/l/pt_BR/T66HRnLdLkw.js?_nc_x=Ij3Wp8lg5Kz, line 26: WEBGL_debug_renderer_info is deprecated in Firefox and will be removed. Please use RENDERER.
1681171472529	Marionette	INFO	Stopped listening on port 51891
Dynamically enable window occlusion 1
1681172472495	geckodriver	INFO	Listening on 127.0.0.1:52455
1681172484921	mozrunner::runner	INFO	Running command: "C:\\Program Files\\Mozilla Firefox\\firefox.exe" "--marionette" "--remote-debugging-port" "52456" "--remote-allow-hosts" "localhost" "-no-remote" "-profile" "C:\\Users\\gero_\\AppData\\Local\\Temp\\rust_mozprofile81atJN"
console.warn: services.settings: Ignoring preference override of remote settings server
console.warn: services.settings: Allow by setting MOZ_REMOTE_SETTINGS_DEVTOOLS=1 in the environment
1681172486629	Marionette	INFO	Marionette enabled
Dynamically enable window occlusion 0
1681172486646	Marionette	INFO	Listening on port 52472
Read port: 52472
WebDriver BiDi listening on ws://127.0.0.1:52456
1681172487185	RemoteAgent	WARN	TLS certificate errors will be ignored for this session
DevTools listening on ws://127.0.0.1:52456/devtools/browser/09da8ddf-cfed-4a5e-953c-c522cb573aeb
JavaScript warning: https://static.cdninstagram.com/rsrc.php/v3ip1w4/yv/l/pt_BR/T66HRnLdLkw.js?_nc_x=Ij3Wp8lg5Kz, line 26: WEBGL_debug_renderer_info is deprecated in Firefox and will be removed. Please use RENDERER.
JavaScript warning: https://static.cdninstagram.com/rsrc.php/v3ip1w4/yv/l/pt_BR/T66HRnLdLkw.js?_nc_x=Ij3Wp8lg5Kz, line 26: WEBGL_debug_renderer_info is deprecated in Firefox and will be removed. Please use RENDERER.
JavaScript warning: https://static.cdninstagram.com/rsrc.php/v3ip1w4/yv/l/pt_BR/T66HRnLdLkw.js?_nc_x=Ij3Wp8lg5Kz, line 26: WEBGL_debug_renderer_info is deprecated in Firefox and will be removed. Please use RENDERER.
1681172968999	Marionette	INFO	Stopped listening on port 52472
Dynamically enable window occlusion 1
1681172984912	geckodriver	INFO	Listening on 127.0.0.1:52700
1681172992812	mozrunner::runner	INFO	Running command: "C:\\Program Files\\Mozilla Firefox\\firefox.exe" "--marionette" "--remote-debugging-port" "52701" "--remote-allow-hosts" "localhost" "-no-remote" "-profile" "C:\\Users\\gero_\\AppData\\Local\\Temp\\rust_mozprofileEhVDmz"
console.warn: services.settings: Ignoring preference override of remote settings server
console.warn: services.settings: Allow by setting MOZ_REMOTE_SETTINGS_DEVTOOLS=1 in the environment
1681172994370	Marionette	INFO	Marionette enabled
Dynamically enable window occlusion 0
1681172994383	Marionette	INFO	Listening on port 52717
Read port: 52717
WebDriver BiDi listening on ws://127.0.0.1:52701
1681172994609	RemoteAgent	WARN	TLS certificate errors will be ignored for this session
DevTools listening on ws://127.0.0.1:52701/devtools/browser/9892552a-d2c4-4510-9156-1efedf8e2901
windows.onFocusChanged event fired after context unloaded.
tabs.onActivated event fired after context unloaded.
tabs.onActivated event fired after context unloaded.
tabs.onActivated event fired after context unloaded.
JavaScript warning: https://static.cdninstagram.com/rsrc.php/v3ip1w4/yv/l/pt_BR/T66HRnLdLkw.js?_nc_x=Ij3Wp8lg5Kz, line 26: WEBGL_debug_renderer_info is deprecated in Firefox and will be removed. Please use RENDERER.
JavaScript warning: https://static.cdninstagram.com/rsrc.php/v3ip1w4/yv/l/pt_BR/T66HRnLdLkw.js?_nc_x=Ij3Wp8lg5Kz, line 26: WEBGL_debug_renderer_info is deprecated in Firefox and will be removed. Please use RENDERER.
JavaScript warning: https://static.cdninstagram.com/rsrc.php/v3ip1w4/yv/l/pt_BR/T66HRnLdLkw.js?_nc_x=Ij3Wp8lg5Kz, line 26: WEBGL_debug_renderer_info is deprecated in Firefox and will be removed. Please use RENDERER.
tabs.onActivated event fired after context unloaded.
tabs.onActivated event fired after context unloaded.
tabs.onActivated event fired after context unloaded.
tabs.onActivated event fired after context unloaded.
tabs.onActivated event fired after context unloaded.
tabs.onActivated event fired after context unloaded.
tabs.onActivated event fired after context unloaded.
tabs.onActivated event fired after context unloaded.
tabs.onActivated event fired after context unloaded.
tabs.onActivated event fired after context unloaded.
tabs.onActivated event fired after context unloaded.
tabs.onActivated event fired after context unloaded.
tabs.onActivated event fired after context unloaded.
tabs.onActivated event fired after context unloaded.
tabs.onActivated event fired after context unloaded.
tabs.onCreated event fired after context unloaded.
tabs.onActivated event fired after context unloaded.
tabs.onActivated event fired after context unloaded.
tabs.onActivated event fired after context unloaded.
tabs.onActivated event fired after context unloaded.
tabs.onActivated event fired after context unloaded.
tabs.onActivated event fired after context unloaded.
tabs.onActivated event fired after context unloaded.
tabs.onActivated event fired after context unloaded.
tabs.onActivated event fired after context unloaded.
tabs.onActivated event fired after context unloaded.
tabs.onActivated event fired after context unloaded.
tabs.onActivated event fired after context unloaded.
tabs.onActivated event fired after context unloaded.
tabs.onActivated event fired after context unloaded.
tabs.onActivated event fired after context unloaded.
tabs.onActivated event fired after context unloaded.
tabs.onActivated event fired after context unloaded.
tabs.onActivated event fired after context unloaded.
windows.onFocusChanged event fired after context unloaded.
1681173062770	Marionette	INFO	Stopped listening on port 52717
Dynamically enable window occlusion 1
1681173174547	geckodriver	INFO	Listening on 127.0.0.1:52844
1681173182489	mozrunner::runner	INFO	Running command: "C:\\Program Files\\Mozilla Firefox\\firefox.exe" "--marionette" "--remote-debugging-port" "52845" "--remote-allow-hosts" "localhost" "-no-remote" "-profile" "C:\\Users\\gero_\\AppData\\Local\\Temp\\rust_mozprofilen7wPr0"
console.warn: services.settings: Ignoring preference override of remote settings server
console.warn: services.settings: Allow by setting MOZ_REMOTE_SETTINGS_DEVTOOLS=1 in the environment
1681173183545	Marionette	INFO	Marionette enabled
Dynamically enable window occlusion 0
1681173183558	Marionette	INFO	Listening on port 52856
Read port: 52856
WebDriver BiDi listening on ws://127.0.0.1:52845
1681173183792	RemoteAgent	WARN	TLS certificate errors will be ignored for this session
DevTools listening on ws://127.0.0.1:52845/devtools/browser/86a7ecba-dc54-4cd5-8e22-9e6abec401a0
JavaScript warning: https://static.cdninstagram.com/rsrc.php/v3ip1w4/yv/l/pt_BR/T66HRnLdLkw.js?_nc_x=Ij3Wp8lg5Kz, line 26: WEBGL_debug_renderer_info is deprecated in Firefox and will be removed. Please use RENDERER.
JavaScript warning: https://static.cdninstagram.com/rsrc.php/v3ip1w4/yv/l/pt_BR/T66HRnLdLkw.js?_nc_x=Ij3Wp8lg5Kz, line 26: WEBGL_debug_renderer_info is deprecated in Firefox and will be removed. Please use RENDERER.
JavaScript warning: https://static.cdninstagram.com/rsrc.php/v3ip1w4/yv/l/pt_BR/T66HRnLdLkw.js?_nc_x=Ij3Wp8lg5Kz, line 26: WEBGL_debug_renderer_info is deprecated in Firefox and will be removed. Please use RENDERER.
JavaScript warning: https://static.cdninstagram.com/rsrc.php/v3ip1w4/yv/l/pt_BR/T66HRnLdLkw.js?_nc_x=Ij3Wp8lg5Kz, line 26: WEBGL_debug_renderer_info is deprecated in Firefox and will be removed. Please use RENDERER.
JavaScript warning: https://static.cdninstagram.com/rsrc.php/v3ip1w4/yv/l/pt_BR/T66HRnLdLkw.js?_nc_x=Ij3Wp8lg5Kz, line 26: WEBGL_debug_renderer_info is deprecated in Firefox and will be removed. Please use RENDERER.
console.warn: LoginRecipes: "Falling back to a synchronous message for: https://www.instagram.com."
console.warn: LoginRecipes: "Falling back to a synchronous message for: https://www.instagram.com."
JavaScript warning: https://static.cdninstagram.com/rsrc.php/v3iCTJ4/y5/l/pt_BR/7iJE7VMSu0t.js?_nc_x=Ij3Wp8lg5Kz, line 67: WEBGL_debug_renderer_info is deprecated in Firefox and will be removed. Please use RENDERER.
console.warn: LoginRecipes: "Falling back to a synchronous message for: https://www.instagram.com."
JavaScript warning: https://static.cdninstagram.com/rsrc.php/v3iCTJ4/y5/l/pt_BR/7iJE7VMSu0t.js?_nc_x=Ij3Wp8lg5Kz, line 67: WEBGL_debug_renderer_info is deprecated in Firefox and will be removed. Please use RENDERER.
console.warn: LoginRecipes: "Falling back to a synchronous message for: https://www.instagram.com."
JavaScript warning: https://static.cdninstagram.com/rsrc.php/v3iCTJ4/y5/l/pt_BR/7iJE7VMSu0t.js?_nc_x=Ij3Wp8lg5Kz, line 67: WEBGL_debug_renderer_info is deprecated in Firefox and will be removed. Please use RENDERER.
1681173741220	Marionette	INFO	Stopped listening on port 52856
Dynamically enable window occlusion 1
1681173834948	geckodriver	INFO	Listening on 127.0.0.1:53155
1681173842669	mozrunner::runner	INFO	Running command: "C:\\Program Files\\Mozilla Firefox\\firefox.exe" "--marionette" "--remote-debugging-port" "53156" "--remote-allow-hosts" "localhost" "-no-remote" "-profile" "C:\\Users\\gero_\\AppData\\Local\\Temp\\rust_mozprofilebaDuCs"
console.warn: services.settings: Ignoring preference override of remote settings server
console.warn: services.settings: Allow by setting MOZ_REMOTE_SETTINGS_DEVTOOLS=1 in the environment
1681173843676	Marionette	INFO	Marionette enabled
Dynamically enable window occlusion 0
1681173843685	Marionette	INFO	Listening on port 53167
Read port: 53167
WebDriver BiDi listening on ws://127.0.0.1:53156
1681173843884	RemoteAgent	WARN	TLS certificate errors will be ignored for this session
DevTools listening on ws://127.0.0.1:53156/devtools/browser/d6239b65-de96-4962-9088-707c2164e52d
JavaScript warning: https://static.cdninstagram.com/rsrc.php/v3ip1w4/yv/l/pt_BR/T66HRnLdLkw.js?_nc_x=Ij3Wp8lg5Kz, line 26: WEBGL_debug_renderer_info is deprecated in Firefox and will be removed. Please use RENDERER.
1681173876585	geckodriver	INFO	Listening on 127.0.0.1:53199
1681173884299	mozrunner::runner	INFO	Running command: "C:\\Program Files\\Mozilla Firefox\\firefox.exe" "--marionette" "--remote-debugging-port" "53200" "--remote-allow-hosts" "localhost" "-no-remote" "-profile" "C:\\Users\\gero_\\AppData\\Local\\Temp\\rust_mozprofileh0FbNS"
console.warn: services.settings: Ignoring preference override of remote settings server
console.warn: services.settings: Allow by setting MOZ_REMOTE_SETTINGS_DEVTOOLS=1 in the environment
1681173885288	Marionette	INFO	Marionette enabled
Dynamically enable window occlusion 0
1681173885302	Marionette	INFO	Listening on port 53212
Read port: 53212
WebDriver BiDi listening on ws://127.0.0.1:53200
1681173885518	RemoteAgent	WARN	TLS certificate errors will be ignored for this session
DevTools listening on ws://127.0.0.1:53200/devtools/browser/05c96888-9319-4657-84c4-dcf2e2c3937b
JavaScript warning: https://static.cdninstagram.com/rsrc.php/v3ip1w4/yv/l/pt_BR/T66HRnLdLkw.js?_nc_x=Ij3Wp8lg5Kz, line 26: WEBGL_debug_renderer_info is deprecated in Firefox and will be removed. Please use RENDERER.
1681173946258	geckodriver	INFO	Listening on 127.0.0.1:53247
1681173953865	mozrunner::runner	INFO	Running command: "C:\\Program Files\\Mozilla Firefox\\firefox.exe" "--marionette" "--remote-debugging-port" "53248" "--remote-allow-hosts" "localhost" "-no-remote" "-profile" "C:\\Users\\gero_\\AppData\\Local\\Temp\\rust_mozprofileYpobxJ"
console.warn: services.settings: Ignoring preference override of remote settings server
console.warn: services.settings: Allow by setting MOZ_REMOTE_SETTINGS_DEVTOOLS=1 in the environment
1681173954859	Marionette	INFO	Marionette enabled
Dynamically enable window occlusion 0
1681173954871	Marionette	INFO	Listening on port 53262
Read port: 53262
WebDriver BiDi listening on ws://127.0.0.1:53248
1681173955086	RemoteAgent	WARN	TLS certificate errors will be ignored for this session
DevTools listening on ws://127.0.0.1:53248/devtools/browser/f8fee3eb-4d54-4c58-911e-b896c18b0aca
JavaScript warning: https://static.cdninstagram.com/rsrc.php/v3ip1w4/yv/l/pt_BR/T66HRnLdLkw.js?_nc_x=Ij3Wp8lg5Kz, line 26: WEBGL_debug_renderer_info is deprecated in Firefox and will be removed. Please use RENDERER.
console.warn: LoginRecipes: "Falling back to a synchronous message for: https://www.instagram.com."
JavaScript error: resource://devtools/server/actors/resources/network-events-content.js, line 67: NS_NOINTERFACE: Component returned failure code: 0x80004002 (NS_NOINTERFACE) [nsISupports.QueryInterface]
1681174213934	geckodriver	INFO	Listening on 127.0.0.1:49589
1681174221694	mozrunner::runner	INFO	Running command: "C:\\Program Files\\Mozilla Firefox\\firefox.exe" "--marionette" "--remote-debugging-port" "49590" "--remote-allow-hosts" "localhost" "-no-remote" "-profile" "C:\\Users\\gero_\\AppData\\Local\\Temp\\rust_mozprofilelvMwYV"
console.warn: services.settings: Ignoring preference override of remote settings server
console.warn: services.settings: Allow by setting MOZ_REMOTE_SETTINGS_DEVTOOLS=1 in the environment
1681174222543	Marionette	INFO	Marionette enabled
Dynamically enable window occlusion 0
1681174222553	Marionette	INFO	Listening on port 49605
Read port: 49605
WebDriver BiDi listening on ws://127.0.0.1:49590
1681174222749	RemoteAgent	WARN	TLS certificate errors will be ignored for this session
DevTools listening on ws://127.0.0.1:49590/devtools/browser/c2391fbe-356e-44b5-9032-7511f96fe19d
JavaScript warning: https://static.cdninstagram.com/rsrc.php/v3ip1w4/yv/l/pt_BR/T66HRnLdLkw.js?_nc_x=Ij3Wp8lg5Kz, line 26: WEBGL_debug_renderer_info is deprecated in Firefox and will be removed. Please use RENDERER.
JavaScript error: resource://gre/modules/PromiseWorker.jsm, line 106: Error: Could not get children of file(C:\Users\gero_\AppData\Local\Temp\rust_mozprofilelvMwYV\thumbnails) because it does not exist
1681174269892	geckodriver	INFO	Listening on 127.0.0.1:49661
1681174277592	mozrunner::runner	INFO	Running command: "C:\\Program Files\\Mozilla Firefox\\firefox.exe" "--marionette" "--remote-debugging-port" "49662" "--remote-allow-hosts" "localhost" "-no-remote" "-profile" "C:\\Users\\gero_\\AppData\\Local\\Temp\\rust_mozprofileNAIvD2"
console.warn: services.settings: Ignoring preference override of remote settings server
console.warn: services.settings: Allow by setting MOZ_REMOTE_SETTINGS_DEVTOOLS=1 in the environment
1681174278829	Marionette	INFO	Marionette enabled
Dynamically enable window occlusion 0
1681174278839	Marionette	INFO	Listening on port 49684
Read port: 49684
WebDriver BiDi listening on ws://127.0.0.1:49662
1681174279038	RemoteAgent	WARN	TLS certificate errors will be ignored for this session
DevTools listening on ws://127.0.0.1:49662/devtools/browser/d5002c18-1803-4c3e-8110-afb27aa705bc
JavaScript warning: https://static.cdninstagram.com/rsrc.php/v3ip1w4/yv/l/pt_BR/T66HRnLdLkw.js?_nc_x=Ij3Wp8lg5Kz, line 26: WEBGL_debug_renderer_info is deprecated in Firefox and will be removed. Please use RENDERER.
JavaScript warning: https://static.cdninstagram.com/rsrc.php/v3ip1w4/yv/l/pt_BR/T66HRnLdLkw.js?_nc_x=Ij3Wp8lg5Kz, line 26: WEBGL_debug_renderer_info is deprecated in Firefox and will be removed. Please use RENDERER.
1681174305591	Marionette	INFO	Stopped listening on port 49684
Dynamically enable window occlusion 1
WARNING: A blocker encountered an error while we were waiting.
          Blocker:  Waiting for ping task
          Phase: TelemetryController: Waiting for pending ping activity
          State: (none)
WARNING: Error: Phase "profile-before-change" is finished, it is too late to register completion condition "OS.File: flush I/O queued before profileBeforeChange"
WARNING: addBlocker@resource://gre/modules/AsyncShutdown.sys.mjs:727:15
addBlocker@resource://gre/modules/AsyncShutdown.sys.mjs:523:26
addBlocker@resource://gre/modules/AsyncShutdown.sys.mjs:458:15
setupShutdown@resource://gre/modules/osfile/osfile_async_front.jsm:1548:28
@resource://gre/modules/osfile/osfile_async_front.jsm:1568:16
@resource://gre/modules/osfile.jsm:12:30
@resource://gre/modules/TelemetryStorage.sys.mjs:10:28
_checkPendingPings@resource://gre/modules/TelemetrySend.sys.mjs:863:17
setup@resource://gre/modules/TelemetrySend.sys.mjs:803:18
setup@resource://gre/modules/TelemetrySend.sys.mjs:241:30
setupTelemetry/this._delayedInitTask<@resource://gre/modules/TelemetryControllerParent.sys.mjs:828:36
observe@resource://gre/modules/AsyncShutdown.sys.mjs:576:16

console.error: "TelemetryScheduler.shutdown - Already shut down"
WARNING: A blocker encountered an error while we were waiting.
          Blocker:  Waiting for ping task
          Phase: TelemetryController: Waiting for pending ping activity
          State: (none)
WARNING: Error: Phase "profile-before-change" is finished, it is too late to register completion condition "OS.File: flush I/O queued before profileBeforeChange"
WARNING: addBlocker@resource://gre/modules/AsyncShutdown.sys.mjs:727:15
addBlocker@resource://gre/modules/AsyncShutdown.sys.mjs:523:26
addBlocker@resource://gre/modules/AsyncShutdown.sys.mjs:458:15
setupShutdown@resource://gre/modules/osfile/osfile_async_front.jsm:1548:28
@resource://gre/modules/osfile/osfile_async_front.jsm:1568:16
@resource://gre/modules/osfile.jsm:12:30
@resource://gre/modules/TelemetryStorage.sys.mjs:10:28
_checkPendingPings@resource://gre/modules/TelemetrySend.sys.mjs:863:17
setup@resource://gre/modules/TelemetrySend.sys.mjs:803:18
setup@resource://gre/modules/TelemetrySend.sys.mjs:241:30
setupTelemetry/this._delayedInitTask<@resource://gre/modules/TelemetryControllerParent.sys.mjs:828:36
observe@resource://gre/modules/AsyncShutdown.sys.mjs:576:16

WARNING: A blocker encountered an error while we were waiting.
          Blocker:  TelemetryController: shutting down
          Phase: profile-before-change-telemetry
          State: Error getting state: Error: Phase "profile-before-change" is finished, it is too late to register completion condition "OS.File: flush I/O queued before profileBeforeChange" at addBlocker@resource://gre/modules/AsyncShutdown.sys.mjs:727:15
addBlocker@resource://gre/modules/AsyncShutdown.sys.mjs:523:26
addBlocker@resource://gre/modules/AsyncShutdown.sys.mjs:458:15
setupShutdown@resource://gre/modules/osfile/osfile_async_front.jsm:1548:28
@resource://gre/modules/osfile/osfile_async_front.jsm:1568:16
@resource://gre/modules/osfile.jsm:12:30
@resource://gre/modules/TelemetryStorage.sys.mjs:10:28
_checkPendingPings@resource://gre/modules/TelemetrySend.sys.mjs:863:17
setup@resource://gre/modules/TelemetrySend.sys.mjs:803:18
setup@resource://gre/modules/TelemetrySend.sys.mjs:241:30
setupTelemetry/this._delayedInitTask<@resource://gre/modules/TelemetryControllerParent.sys.mjs:828:36
observe@resource://gre/modules/AsyncShutdown.sys.mjs:576:16

WARNING: Error: Phase "profile-before-change" is finished, it is too late to register completion condition "OS.File: flush I/O queued before profileBeforeChange"
WARNING: addBlocker@resource://gre/modules/AsyncShutdown.sys.mjs:727:15
addBlocker@resource://gre/modules/AsyncShutdown.sys.mjs:523:26
addBlocker@resource://gre/modules/AsyncShutdown.sys.mjs:458:15
setupShutdown@resource://gre/modules/osfile/osfile_async_front.jsm:1548:28
@resource://gre/modules/osfile/osfile_async_front.jsm:1568:16
@resource://gre/modules/osfile.jsm:12:30
@resource://gre/modules/TelemetryStorage.sys.mjs:10:28
_checkPendingPings@resource://gre/modules/TelemetrySend.sys.mjs:863:17
setup@resource://gre/modules/TelemetrySend.sys.mjs:803:18
setup@resource://gre/modules/TelemetrySend.sys.mjs:241:30
setupTelemetry/this._delayedInitTask<@resource://gre/modules/TelemetryControllerParent.sys.mjs:828:36
observe@resource://gre/modules/AsyncShutdown.sys.mjs:576:16

JavaScript error: resource://gre/modules/AsyncShutdown.sys.mjs, line 727: Error: Phase "profile-before-change" is finished, it is too late to register completion condition "OS.File: flush I/O queued before profileBeforeChange"
JavaScript error: resource://gre/modules/AsyncShutdown.sys.mjs, line 727: Error: Phase "profile-before-change" is finished, it is too late to register completion condition "OS.File: flush I/O queued before profileBeforeChange"
JavaScript error: resource://gre/modules/AsyncShutdown.sys.mjs, line 727: Error: Phase "profile-before-change" is finished, it is too late to register completion condition "OS.File: flush I/O queued before profileBeforeChange"
JavaScript error: resource://gre/modules/AsyncShutdown.sys.mjs, line 727: Error: Phase "profile-before-change" is finished, it is too late to register completion condition "OS.File: flush I/O queued before profileBeforeChange"
JavaScript error: resource://gre/modules/AsyncShutdown.sys.mjs, line 727: Error: Phase "profile-before-change" is finished, it is too late to register completion condition "OS.File: flush I/O queued before profileBeforeChange"
1681174356387	geckodriver	INFO	Listening on 127.0.0.1:49773
1681174364201	mozrunner::runner	INFO	Running command: "C:\\Program Files\\Mozilla Firefox\\firefox.exe" "--marionette" "--remote-debugging-port" "49774" "--remote-allow-hosts" "localhost" "-no-remote" "-profile" "C:\\Users\\gero_\\AppData\\Local\\Temp\\rust_mozprofilestJHlR"
console.warn: services.settings: Ignoring preference override of remote settings server
console.warn: services.settings: Allow by setting MOZ_REMOTE_SETTINGS_DEVTOOLS=1 in the environment
1681174365540	Marionette	INFO	Marionette enabled
Dynamically enable window occlusion 0
1681174365552	Marionette	INFO	Listening on port 49793
Read port: 49793
WebDriver BiDi listening on ws://127.0.0.1:49774
1681174365755	RemoteAgent	WARN	TLS certificate errors will be ignored for this session
DevTools listening on ws://127.0.0.1:49774/devtools/browser/28824890-f953-464a-bbb7-a40d4561d088
JavaScript warning: https://static.cdninstagram.com/rsrc.php/v3ip1w4/yv/l/pt_BR/T66HRnLdLkw.js?_nc_x=Ij3Wp8lg5Kz, line 26: WEBGL_debug_renderer_info is deprecated in Firefox and will be removed. Please use RENDERER.
JavaScript error: resource:///modules/AsyncTabSwitcher.jsm, line 380: TypeError: requestedBrowser.currentURI is null
JavaScript warning: https://static.cdninstagram.com/rsrc.php/v3ip1w4/yv/l/pt_BR/T66HRnLdLkw.js?_nc_x=Ij3Wp8lg5Kz, line 26: WEBGL_debug_renderer_info is deprecated in Firefox and will be removed. Please use RENDERER.
JavaScript warning: https://static.cdninstagram.com/rsrc.php/v3ip1w4/yv/l/pt_BR/T66HRnLdLkw.js?_nc_x=Ij3Wp8lg5Kz, line 26: WEBGL_debug_renderer_info is deprecated in Firefox and will be removed. Please use RENDERER.
JavaScript error: resource://gre/modules/PromiseWorker.jsm, line 106: Error: Could not get children of file(C:\Users\gero_\AppData\Local\Temp\rust_mozprofilestJHlR\thumbnails) because it does not exist
JavaScript warning: https://static.cdninstagram.com/rsrc.php/v3ip1w4/yv/l/pt_BR/T66HRnLdLkw.js?_nc_x=Ij3Wp8lg5Kz, line 26: WEBGL_debug_renderer_info is deprecated in Firefox and will be removed. Please use RENDERER.
1681174461793	geckodriver	INFO	Listening on 127.0.0.1:49915
1681174471719	mozrunner::runner	INFO	Running command: "C:\\Program Files\\Mozilla Firefox\\firefox.exe" "--marionette" "--remote-debugging-port" "49916" "--remote-allow-hosts" "localhost" "-no-remote" "-profile" "C:\\Users\\gero_\\AppData\\Local\\Temp\\rust_mozprofileH8FBvo"
console.warn: services.settings: Ignoring preference override of remote settings server
console.warn: services.settings: Allow by setting MOZ_REMOTE_SETTINGS_DEVTOOLS=1 in the environment
1681174473226	Marionette	INFO	Marionette enabled
Dynamically enable window occlusion 0
1681174473238	Marionette	INFO	Listening on port 49936
Read port: 49936
WebDriver BiDi listening on ws://127.0.0.1:49916
1681174473567	RemoteAgent	WARN	TLS certificate errors will be ignored for this session
DevTools listening on ws://127.0.0.1:49916/devtools/browser/8c823cfe-a0d5-4198-878f-c3cdfdf0c74b
JavaScript warning: https://static.cdninstagram.com/rsrc.php/v3ip1w4/yv/l/pt_BR/T66HRnLdLkw.js?_nc_x=Ij3Wp8lg5Kz, line 26: WEBGL_debug_renderer_info is deprecated in Firefox and will be removed. Please use RENDERER.
JavaScript error: resource:///modules/AsyncTabSwitcher.jsm, line 380: TypeError: requestedBrowser.currentURI is null
JavaScript warning: https://static.cdninstagram.com/rsrc.php/v3ip1w4/yv/l/pt_BR/T66HRnLdLkw.js?_nc_x=Ij3Wp8lg5Kz, line 26: WEBGL_debug_renderer_info is deprecated in Firefox and will be removed. Please use RENDERER.
JavaScript warning: https://static.cdninstagram.com/rsrc.php/v3ip1w4/yv/l/pt_BR/T66HRnLdLkw.js?_nc_x=Ij3Wp8lg5Kz, line 26: WEBGL_debug_renderer_info is deprecated in Firefox and will be removed. Please use RENDERER.
JavaScript warning: https://static.cdninstagram.com/rsrc.php/v3ip1w4/yv/l/pt_BR/T66HRnLdLkw.js?_nc_x=Ij3Wp8lg5Kz, line 26: WEBGL_debug_renderer_info is deprecated in Firefox and will be removed. Please use RENDERER.
JavaScript error: resource://gre/modules/PromiseWorker.jsm, line 106: Error: Could not get children of file(C:\Users\gero_\AppData\Local\Temp\rust_mozprofileH8FBvo\thumbnails) because it does not exist
1681174538572	Marionette	INFO	Stopped listening on port 49936
Dynamically enable window occlusion 1
[Parent 7084, IPC I/O Parent] WARNING: DuplicateHandle failed for handle 0 in TransferHandles: file /builds/worker/checkouts/gecko/ipc/chromium/src/chrome/common/ipc_channel_win.cc:777
1681174559909	geckodriver	INFO	Listening on 127.0.0.1:50123
1681174567624	mozrunner::runner	INFO	Running command: "C:\\Program Files\\Mozilla Firefox\\firefox.exe" "--marionette" "--remote-debugging-port" "50124" "--remote-allow-hosts" "localhost" "-no-remote" "-profile" "C:\\Users\\gero_\\AppData\\Local\\Temp\\rust_mozprofiledDlWvM"
console.warn: services.settings: Ignoring preference override of remote settings server
console.warn: services.settings: Allow by setting MOZ_REMOTE_SETTINGS_DEVTOOLS=1 in the environment
1681174568642	Marionette	INFO	Marionette enabled
Dynamically enable window occlusion 0
1681174568651	Marionette	INFO	Listening on port 50139
Read port: 50139
WebDriver BiDi listening on ws://127.0.0.1:50124
1681174568854	RemoteAgent	WARN	TLS certificate errors will be ignored for this session
DevTools listening on ws://127.0.0.1:50124/devtools/browser/d4dfa30d-08e6-4894-80ba-08bdb0411aaf
JavaScript warning: https://static.cdninstagram.com/rsrc.php/v3ip1w4/yv/l/pt_BR/T66HRnLdLkw.js?_nc_x=Ij3Wp8lg5Kz, line 26: WEBGL_debug_renderer_info is deprecated in Firefox and will be removed. Please use RENDERER.
JavaScript warning: https://static.cdninstagram.com/rsrc.php/v3ip1w4/yv/l/pt_BR/T66HRnLdLkw.js?_nc_x=Ij3Wp8lg5Kz, line 26: WEBGL_debug_renderer_info is deprecated in Firefox and will be removed. Please use RENDERER.
JavaScript warning: https://static.cdninstagram.com/rsrc.php/v3ip1w4/yv/l/pt_BR/T66HRnLdLkw.js?_nc_x=Ij3Wp8lg5Kz, line 26: WEBGL_debug_renderer_info is deprecated in Firefox and will be removed. Please use RENDERER.
JavaScript warning: https://static.cdninstagram.com/rsrc.php/v3ip1w4/yv/l/pt_BR/T66HRnLdLkw.js?_nc_x=Ij3Wp8lg5Kz, line 26: WEBGL_debug_renderer_info is deprecated in Firefox and will be removed. Please use RENDERER.
JavaScript error: resource://gre/modules/PromiseWorker.jsm, line 106: Error: Could not get children of file(C:\Users\gero_\AppData\Local\Temp\rust_mozprofiledDlWvM\thumbnails) because it does not exist
1681174671584	geckodriver	INFO	Listening on 127.0.0.1:50255
1681174681379	mozrunner::runner	INFO	Running command: "C:\\Program Files\\Mozilla Firefox\\firefox.exe" "--marionette" "--remote-debugging-port" "50256" "--remote-allow-hosts" "localhost" "-no-remote" "-profile" "C:\\Users\\gero_\\AppData\\Local\\Temp\\rust_mozprofileGwPH9D"
console.warn: services.settings: Ignoring preference override of remote settings server
console.warn: services.settings: Allow by setting MOZ_REMOTE_SETTINGS_DEVTOOLS=1 in the environment
1681174682732	Marionette	INFO	Marionette enabled
Dynamically enable window occlusion 0
1681174682751	Marionette	INFO	Listening on port 50277
Read port: 50277
WebDriver BiDi listening on ws://127.0.0.1:50256
1681174683017	RemoteAgent	WARN	TLS certificate errors will be ignored for this session
DevTools listening on ws://127.0.0.1:50256/devtools/browser/4b9f16e3-8e28-4f2f-ba31-0aa4cb582a7d
JavaScript error: resource:///modules/AsyncTabSwitcher.jsm, line 380: TypeError: requestedBrowser.currentURI is null
JavaScript warning: https://static.cdninstagram.com/rsrc.php/v3ip1w4/yv/l/pt_BR/T66HRnLdLkw.js?_nc_x=Ij3Wp8lg5Kz, line 26: WEBGL_debug_renderer_info is deprecated in Firefox and will be removed. Please use RENDERER.
JavaScript warning: https://static.cdninstagram.com/rsrc.php/v3ip1w4/yv/l/pt_BR/T66HRnLdLkw.js?_nc_x=Ij3Wp8lg5Kz, line 26: WEBGL_debug_renderer_info is deprecated in Firefox and will be removed. Please use RENDERER.
JavaScript warning: https://static.cdninstagram.com/rsrc.php/v3ip1w4/yv/l/pt_BR/T66HRnLdLkw.js?_nc_x=Ij3Wp8lg5Kz, line 26: WEBGL_debug_renderer_info is deprecated in Firefox and will be removed. Please use RENDERER.
JavaScript warning: https://static.cdninstagram.com/rsrc.php/v3ip1w4/yv/l/pt_BR/T66HRnLdLkw.js?_nc_x=Ij3Wp8lg5Kz, line 26: WEBGL_debug_renderer_info is deprecated in Firefox and will be removed. Please use RENDERER.
1681174726531	geckodriver	INFO	Listening on 127.0.0.1:50356
1681174736271	mozrunner::runner	INFO	Running command: "C:\\Program Files\\Mozilla Firefox\\firefox.exe" "--marionette" "--remote-debugging-port" "50357" "--remote-allow-hosts" "localhost" "-no-remote" "-profile" "C:\\Users\\gero_\\AppData\\Local\\Temp\\rust_mozprofileEvt3D5"
console.warn: services.settings: Ignoring preference override of remote settings server
console.warn: services.settings: Allow by setting MOZ_REMOTE_SETTINGS_DEVTOOLS=1 in the environment
1681174737553	Marionette	INFO	Marionette enabled
Dynamically enable window occlusion 0
1681174737567	Marionette	INFO	Listening on port 50370
Read port: 50370
WebDriver BiDi listening on ws://127.0.0.1:50357
1681174737813	RemoteAgent	WARN	TLS certificate errors will be ignored for this session
DevTools listening on ws://127.0.0.1:50357/devtools/browser/da4b9bf4-6132-4c9c-875d-53d5ffb503be
tabs.onActivated event fired after context unloaded.
tabs.onActivated event fired after context unloaded.
tabs.onActivated event fired after context unloaded.
JavaScript warning: https://static.cdninstagram.com/rsrc.php/v3ip1w4/yv/l/pt_BR/T66HRnLdLkw.js?_nc_x=Ij3Wp8lg5Kz, line 26: WEBGL_debug_renderer_info is deprecated in Firefox and will be removed. Please use RENDERER.
JavaScript warning: https://static.cdninstagram.com/rsrc.php/v3ip1w4/yv/l/pt_BR/T66HRnLdLkw.js?_nc_x=Ij3Wp8lg5Kz, line 26: WEBGL_debug_renderer_info is deprecated in Firefox and will be removed. Please use RENDERER.
tabs.onActivated event fired after context unloaded.
tabs.onActivated event fired after context unloaded.
JavaScript warning: https://static.cdninstagram.com/rsrc.php/v3ip1w4/yv/l/pt_BR/T66HRnLdLkw.js?_nc_x=Ij3Wp8lg5Kz, line 26: WEBGL_debug_renderer_info is deprecated in Firefox and will be removed. Please use RENDERER.
console.warn: LoginRecipes: "Falling back to a synchronous message for: https://www.instagram.com."
tabs.onActivated event fired after context unloaded.
[Parent 7892, IPC I/O Parent] WARNING: DuplicateHandle failed for handle 0 in TransferHandles: file /builds/worker/checkouts/gecko/ipc/chromium/src/chrome/common/ipc_channel_win.cc:777
JavaScript warning: https://static.cdninstagram.com/rsrc.php/v3ip1w4/yv/l/pt_BR/T66HRnLdLkw.js?_nc_x=Ij3Wp8lg5Kz, line 26: WEBGL_debug_renderer_info is deprecated in Firefox and will be removed. Please use RENDERER.
console.warn: LoginRecipes: "Falling back to a synchronous message for: https://www.instagram.com."
tabs.onActivated event fired after context unloaded.
console.warn: LoginRecipes: "Falling back to a synchronous message for: https://www.instagram.com."
tabs.onActivated event fired after context unloaded.
console.warn: LoginRecipes: "Falling back to a synchronous message for: https://www.instagram.com."
console.warn: LoginRecipes: "Falling back to a synchronous message for: https://www.instagram.com."
JavaScript warning: https://static.cdninstagram.com/rsrc.php/v3iCTJ4/y5/l/pt_BR/7iJE7VMSu0t.js?_nc_x=Ij3Wp8lg5Kz, line 67: WEBGL_debug_renderer_info is deprecated in Firefox and will be removed. Please use RENDERER.
JavaScript error: resource://gre/modules/PromiseWorker.jsm, line 106: Error: Could not get children of file(C:\Users\gero_\AppData\Local\Temp\rust_mozprofileEvt3D5\thumbnails) because it does not exist
JavaScript warning: https://static.cdninstagram.com/rsrc.php/v3iCTJ4/y5/l/pt_BR/7iJE7VMSu0t.js?_nc_x=Ij3Wp8lg5Kz, line 67: WEBGL_debug_renderer_info is deprecated in Firefox and will be removed. Please use RENDERER.
tabs.onActivated event fired after context unloaded.
JavaScript error: https://static.cdninstagram.com/rsrc.php/v3i05t4/yK/l/pt_BR/4bGfl_cVkY-.js?_nc_x=Ij3Wp8lg5Kz, line 829: TypeError: b is undefined
tabs.onActivated event fired after context unloaded.
tabs.onActivated event fired after context unloaded.
JavaScript error: https://static.cdninstagram.com/rsrc.php/v3i05t4/yK/l/pt_BR/4bGfl_cVkY-.js?_nc_x=Ij3Wp8lg5Kz, line 829: TypeError: b is undefined
tabs.onActivated event fired after context unloaded.
tabs.onActivated event fired after context unloaded.
JavaScript warning: https://static.cdninstagram.com/rsrc.php/v3iCTJ4/y5/l/pt_BR/7iJE7VMSu0t.js?_nc_x=Ij3Wp8lg5Kz, line 67: WEBGL_debug_renderer_info is deprecated in Firefox and will be removed. Please use RENDERER.
JavaScript warning: https://static.cdninstagram.com/rsrc.php/v3iCTJ4/y5/l/pt_BR/7iJE7VMSu0t.js?_nc_x=Ij3Wp8lg5Kz, line 67: WEBGL_debug_renderer_info is deprecated in Firefox and will be removed. Please use RENDERER.
tabs.onActivated event fired after context unloaded.
tabs.onActivated event fired after context unloaded.
tabs.onActivated event fired after context unloaded.
tabs.onActivated event fired after context unloaded.
tabs.onActivated event fired after context unloaded.
tabs.onActivated event fired after context unloaded.
tabs.onActivated event fired after context unloaded.
tabs.onActivated event fired after context unloaded.
tabs.onActivated event fired after context unloaded.
tabs.onActivated event fired after context unloaded.
tabs.onActivated event fired after context unloaded.
tabs.onActivated event fired after context unloaded.
tabs.onActivated event fired after context unloaded.
tabs.onActivated event fired after context unloaded.
tabs.onActivated event fired after context unloaded.
tabs.onActivated event fired after context unloaded.
tabs.onActivated event fired after context unloaded.
tabs.onActivated event fired after context unloaded.
tabs.onActivated event fired after context unloaded.
tabs.onActivated event fired after context unloaded.
tabs.onActivated event fired after context unloaded.
1681175084262	Marionette	INFO	Stopped listening on port 50370
Dynamically enable window occlusion 1
1681175135732	geckodriver	INFO	Listening on 127.0.0.1:50649
1681175145172	mozrunner::runner	INFO	Running command: "C:\\Program Files\\Mozilla Firefox\\firefox.exe" "--marionette" "--remote-debugging-port" "50650" "--remote-allow-hosts" "localhost" "-no-remote" "-profile" "C:\\Users\\gero_\\AppData\\Local\\Temp\\rust_mozprofileRUa3HV"
console.warn: services.settings: Ignoring preference override of remote settings server
console.warn: services.settings: Allow by setting MOZ_REMOTE_SETTINGS_DEVTOOLS=1 in the environment
1681175146716	Marionette	INFO	Marionette enabled
Dynamically enable window occlusion 0
1681175146758	Marionette	INFO	Listening on port 50661
Read port: 50661
WebDriver BiDi listening on ws://127.0.0.1:50650
1681175147161	RemoteAgent	WARN	TLS certificate errors will be ignored for this session
DevTools listening on ws://127.0.0.1:50650/devtools/browser/214969a0-d0a3-466e-9b3e-443709813449
JavaScript warning: https://static.cdninstagram.com/rsrc.php/v3ip1w4/yv/l/pt_BR/T66HRnLdLkw.js?_nc_x=Ij3Wp8lg5Kz, line 26: WEBGL_debug_renderer_info is deprecated in Firefox and will be removed. Please use RENDERER.
JavaScript warning: https://static.cdninstagram.com/rsrc.php/v3ip1w4/yv/l/pt_BR/T66HRnLdLkw.js?_nc_x=Ij3Wp8lg5Kz, line 26: WEBGL_debug_renderer_info is deprecated in Firefox and will be removed. Please use RENDERER.
JavaScript warning: https://static.cdninstagram.com/rsrc.php/v3ip1w4/yv/l/pt_BR/T66HRnLdLkw.js?_nc_x=Ij3Wp8lg5Kz, line 26: WEBGL_debug_renderer_info is deprecated in Firefox and will be removed. Please use RENDERER.
JavaScript warning: https://static.cdninstagram.com/rsrc.php/v3ip1w4/yv/l/pt_BR/T66HRnLdLkw.js?_nc_x=Ij3Wp8lg5Kz, line 26: WEBGL_debug_renderer_info is deprecated in Firefox and will be removed. Please use RENDERER.
console.warn: LoginRecipes: "Falling back to a synchronous message for: https://www.instagram.com."
console.warn: LoginRecipes: "Falling back to a synchronous message for: https://www.instagram.com."
console.warn: LoginRecipes: "Falling back to a synchronous message for: https://www.instagram.com."
console.warn: LoginRecipes: "Falling back to a synchronous message for: https://www.instagram.com."
console.warn: LoginRecipes: "Falling back to a synchronous message for: https://www.instagram.com."
JavaScript warning: https://static.cdninstagram.com/rsrc.php/v3iCTJ4/y5/l/pt_BR/7iJE7VMSu0t.js?_nc_x=Ij3Wp8lg5Kz, line 67: WEBGL_debug_renderer_info is deprecated in Firefox and will be removed. Please use RENDERER.
JavaScript warning: https://static.cdninstagram.com/rsrc.php/v3iCTJ4/y5/l/pt_BR/7iJE7VMSu0t.js?_nc_x=Ij3Wp8lg5Kz, line 67: WEBGL_debug_renderer_info is deprecated in Firefox and will be removed. Please use RENDERER.
JavaScript warning: https://static.cdninstagram.com/rsrc.php/v3iCTJ4/y5/l/pt_BR/7iJE7VMSu0t.js?_nc_x=Ij3Wp8lg5Kz, line 67: WEBGL_debug_renderer_info is deprecated in Firefox and will be removed. Please use RENDERER.
1681175213762	Marionette	INFO	Stopped listening on port 50661
Dynamically enable window occlusion 1
1681175407429	geckodriver	INFO	Listening on 127.0.0.1:50825
1681175415123	mozrunner::runner	INFO	Running command: "C:\\Program Files\\Mozilla Firefox\\firefox.exe" "--marionette" "--remote-debugging-port" "50826" "--remote-allow-hosts" "localhost" "-no-remote" "-profile" "C:\\Users\\gero_\\AppData\\Local\\Temp\\rust_mozprofileyY71hk"
console.warn: services.settings: Ignoring preference override of remote settings server
console.warn: services.settings: Allow by setting MOZ_REMOTE_SETTINGS_DEVTOOLS=1 in the environment
1681175416098	Marionette	INFO	Marionette enabled
Dynamically enable window occlusion 0
1681175416113	Marionette	INFO	Listening on port 50837
Read port: 50837
WebDriver BiDi listening on ws://127.0.0.1:50826
1681175416404	RemoteAgent	WARN	TLS certificate errors will be ignored for this session
DevTools listening on ws://127.0.0.1:50826/devtools/browser/95e4dc3d-d913-4c8e-9b9b-c95e67f582ca
JavaScript warning: https://static.cdninstagram.com/rsrc.php/v3ip1w4/yv/l/pt_BR/T66HRnLdLkw.js?_nc_x=Ij3Wp8lg5Kz, line 26: WEBGL_debug_renderer_info is deprecated in Firefox and will be removed. Please use RENDERER.
JavaScript warning: https://static.cdninstagram.com/rsrc.php/v3ip1w4/yv/l/pt_BR/T66HRnLdLkw.js?_nc_x=Ij3Wp8lg5Kz, line 26: WEBGL_debug_renderer_info is deprecated in Firefox and will be removed. Please use RENDERER.
[Parent 17276, IPC I/O Parent] WARNING: DuplicateHandle failed for handle 0 in TransferHandles: file /builds/worker/checkouts/gecko/ipc/chromium/src/chrome/common/ipc_channel_win.cc:777
JavaScript warning: https://static.cdninstagram.com/rsrc.php/v3ip1w4/yv/l/pt_BR/T66HRnLdLkw.js?_nc_x=Ij3Wp8lg5Kz, line 26: WEBGL_debug_renderer_info is deprecated in Firefox and will be removed. Please use RENDERER.
JavaScript warning: https://static.cdninstagram.com/rsrc.php/v3ip1w4/yv/l/pt_BR/T66HRnLdLkw.js?_nc_x=Ij3Wp8lg5Kz, line 26: WEBGL_debug_renderer_info is deprecated in Firefox and will be removed. Please use RENDERER.
console.warn: LoginRecipes: "Falling back to a synchronous message for: https://www.instagram.com."
console.warn: LoginRecipes: "Falling back to a synchronous message for: https://www.instagram.com."
console.warn: LoginRecipes: "Falling back to a synchronous message for: https://www.instagram.com."
console.warn: LoginRecipes: "Falling back to a synchronous message for: https://www.instagram.com."
console.warn: LoginRecipes: "Falling back to a synchronous message for: https://www.instagram.com."
JavaScript warning: https://static.cdninstagram.com/rsrc.php/v3iCTJ4/y5/l/pt_BR/7iJE7VMSu0t.js?_nc_x=Ij3Wp8lg5Kz, line 67: WEBGL_debug_renderer_info is deprecated in Firefox and will be removed. Please use RENDERER.
JavaScript warning: https://static.cdninstagram.com/rsrc.php/v3iCTJ4/y5/l/pt_BR/7iJE7VMSu0t.js?_nc_x=Ij3Wp8lg5Kz, line 67: WEBGL_debug_renderer_info is deprecated in Firefox and will be removed. Please use RENDERER.
1681175587523	Marionette	INFO	Stopped listening on port 50837
Dynamically enable window occlusion 1
